[ 2016-04-29T21:17:03+08:00 ] 127.0.0.1 /xkcms/index.php/Admin/Infoclass/infoclass_add.php?infotype=0&id=3
ERR: 非法操作:infoclass_add.php

[ 2016-04-29T22:38:01+08:00 ] 127.0.0.1 /xkcms/index.php/Admin/Infoclass/ajax_do.php?action=catpsize&pid=6
INFO: [ app_begin ] --START--
INFO: Run Behavior\ReadHtmlCacheBehavior [ RunTime:0.001000s ]
INFO: [ app_begin ] --END-- [ RunTime:0.002000s ]
ERR: 非法操作:ajax_do.php

[ 2016-04-29T23:05:27+08:00 ] 127.0.0.1 /xkcms/index.php/Admin/Infoclass/infoclass_update.php?id=2
ERR: 非法操作:infoclass_update.php

[ 2016-04-29T23:05:34+08:00 ] 127.0.0.1 /xkcms/index.php/Admin/Infoclass/infoclass_update.php?id=2
ERR: 非法操作:infoclass_update.php

[ 2016-04-29T23:30:00+08:00 ] 127.0.0.1 /xkcms/index.php/Admin/Infoclass/infoclassAdd/id/ajax_do.php?action=catpsize&pid=15
INFO: [ app_begin ] --START--
INFO: Run Behavior\ReadHtmlCacheBehavior [ RunTime:0.001000s ]
INFO: [ app_begin ] --END-- [ RunTime:0.002000s ]
SQL: SHOW COLUMNS FROM `db_infoclass` [ RunTime:0.0040s ]
SQL: SELECT * FROM `db_infoclass` ORDER BY orderid asc  [ RunTime:0.0010s ]
INFO: [ view_parse ] --START--
INFO: [ template_filter ] --START--
INFO: Run Behavior\ContentReplaceBehavior [ RunTime:0.000000s ]
INFO: [ template_filter ] --END-- [ RunTime:0.000000s ]
INFO: Run Behavior\ParseTemplateBehavior [ RunTime:0.010001s ]
INFO: [ view_parse ] --END-- [ RunTime:0.010001s ]
INFO: [ view_filter ] --START--
INFO: Run Behavior\WriteHtmlCacheBehavior [ RunTime:0.001000s ]
INFO: [ view_filter ] --END-- [ RunTime:0.001000s ]
INFO: [ app_end ] --START--
INFO: Run Behavior\ShowPageTraceBehavior [ RunTime:0.001000s ]
INFO: [ app_end ] --END-- [ RunTime:0.001000s ]

[ 2016-04-29T23:30:02+08:00 ] 127.0.0.1 /xkcms/index.php/Admin/Infoclass/infoclassAdd/id/ajax_do.php?action=catpsize&pid=14
INFO: [ app_begin ] --START--
INFO: Run Behavior\ReadHtmlCacheBehavior [ RunTime:0.001000s ]
INFO: [ app_begin ] --END-- [ RunTime:0.001000s ]
SQL: SHOW COLUMNS FROM `db_infoclass` [ RunTime:0.0030s ]
SQL: SELECT * FROM `db_infoclass` ORDER BY orderid asc  [ RunTime:0.0000s ]
INFO: [ view_parse ] --START--
INFO: [ template_filter ] --START--
INFO: Run Behavior\ContentReplaceBehavior [ RunTime:0.000000s ]
INFO: [ template_filter ] --END-- [ RunTime:0.000000s ]
INFO: Run Behavior\ParseTemplateBehavior [ RunTime:0.005000s ]
INFO: [ view_parse ] --END-- [ RunTime:0.006000s ]
INFO: [ view_filter ] --START--
INFO: Run Behavior\WriteHtmlCacheBehavior [ RunTime:0.001000s ]
INFO: [ view_filter ] --END-- [ RunTime:0.001000s ]
INFO: [ app_end ] --START--
INFO: Run Behavior\ShowPageTraceBehavior [ RunTime:0.000000s ]
INFO: [ app_end ] --END-- [ RunTime:0.000000s ]

[ 2016-04-29T23:30:04+08:00 ] 127.0.0.1 /xkcms/index.php/Admin/Infoclass/infoclassAdd/id/ajax_do.php?action=catpsize&pid=0
INFO: [ app_begin ] --START--
INFO: Run Behavior\ReadHtmlCacheBehavior [ RunTime:0.001000s ]
INFO: [ app_begin ] --END-- [ RunTime:0.001000s ]
SQL: SHOW COLUMNS FROM `db_infoclass` [ RunTime:0.0050s ]
SQL: SELECT * FROM `db_infoclass` ORDER BY orderid asc  [ RunTime:0.0010s ]
INFO: [ view_parse ] --START--
INFO: [ template_filter ] --START--
INFO: Run Behavior\ContentReplaceBehavior [ RunTime:0.000000s ]
INFO: [ template_filter ] --END-- [ RunTime:0.000000s ]
INFO: Run Behavior\ParseTemplateBehavior [ RunTime:0.008001s ]
INFO: [ view_parse ] --END-- [ RunTime:0.008001s ]
INFO: [ view_filter ] --START--
INFO: Run Behavior\WriteHtmlCacheBehavior [ RunTime:0.001000s ]
INFO: [ view_filter ] --END-- [ RunTime:0.001000s ]
INFO: [ app_end ] --START--
INFO: Run Behavior\ShowPageTraceBehavior [ RunTime:0.000000s ]
INFO: [ app_end ] --END-- [ RunTime:0.000000s ]

[ 2016-04-29T23:47:18+08:00 ] 127.0.0.1 /xkcms/index.php/Admin/Infoclass/infoclass_update.php?id=2
ERR: 非法操作:infoclass_update.php

[ 2016-04-29T23:56:14+08:00 ] 127.0.0.1 /xkcms/index.php/Admin/Infoclass/plugin/uploadify/index.php?title=%E7%BC%A9%E7%95%A5%E5%9B%BE%E4%B8%8A%E4%BC%A0&type=image&desc=image&num=1&size=2097152&frame=uploadify&input=picurl&area=undefined
ERR: 非法操作:plugin

[ 2016-04-29T23:56:39+08:00 ] 127.0.0.1 /xkcms/index.php/Admin/Infoclass/plugin/uploadify/index.php?title=%E7%BC%A9%E7%95%A5%E5%9B%BE%E4%B8%8A%E4%BC%A0&type=image&desc=image&num=1&size=2097152&frame=uploadify&input=picurl&area=undefined
ERR: 非法操作:plugin

