[ 2016-04-30T22:26:56+08:00 ] 127.0.0.1 /xkcms/index.php/Admin/Infoclass/infoclassUpdate/id/ajax_do.php?action=catpsize&pid=2
INFO: [ app_begin ] --START--
INFO: Run Behavior\ReadHtmlCacheBehavior [ RunTime:0.001000s ]
INFO: [ app_begin ] --END-- [ RunTime:0.001000s ]
SQL: SHOW COLUMNS FROM `db_infoclass` [ RunTime:0.0030s ]
SQL: SELECT * FROM `db_infoclass` WHERE ( id=0 ) LIMIT 1   [ RunTime:0.0000s ]
SQL: SELECT * FROM `db_infoclass` ORDER BY orderid asc  [ RunTime:0.0000s ]
INFO: [ view_parse ] --START--
INFO: [ template_filter ] --START--
INFO: Run Behavior\ContentReplaceBehavior [ RunTime:0.000000s ]
INFO: [ template_filter ] --END-- [ RunTime:0.000000s ]
INFO: Run Behavior\ParseTemplateBehavior [ RunTime:0.007001s ]
INFO: [ view_parse ] --END-- [ RunTime:0.007001s ]
INFO: [ view_filter ] --START--
INFO: Run Behavior\WriteHtmlCacheBehavior [ RunTime:0.001000s ]
INFO: [ view_filter ] --END-- [ RunTime:0.001000s ]
INFO: [ app_end ] --START--
INFO: Run Behavior\ShowPageTraceBehavior [ RunTime:0.000000s ]
INFO: [ app_end ] --END-- [ RunTime:0.000000s ]

[ 2016-04-30T22:27:03+08:00 ] 127.0.0.1 /xkcms/index.php/Admin/Infoclass/infoclassUpdate/id/ajax_do.php?action=catpsize&pid=3
INFO: [ app_begin ] --START--
INFO: Run Behavior\ReadHtmlCacheBehavior [ RunTime:0.001000s ]
INFO: [ app_begin ] --END-- [ RunTime:0.001000s ]
SQL: SHOW COLUMNS FROM `db_infoclass` [ RunTime:0.0060s ]
SQL: SELECT * FROM `db_infoclass` WHERE ( id=0 ) LIMIT 1   [ RunTime:0.0000s ]
SQL: SELECT * FROM `db_infoclass` ORDER BY orderid asc  [ RunTime:0.0000s ]
INFO: [ view_parse ] --START--
INFO: [ template_filter ] --START--
INFO: Run Behavior\ContentReplaceBehavior [ RunTime:0.000000s ]
INFO: [ template_filter ] --END-- [ RunTime:0.000000s ]
INFO: Run Behavior\ParseTemplateBehavior [ RunTime:0.012000s ]
INFO: [ view_parse ] --END-- [ RunTime:0.012000s ]
INFO: [ view_filter ] --START--
INFO: Run Behavior\WriteHtmlCacheBehavior [ RunTime:0.001000s ]
INFO: [ view_filter ] --END-- [ RunTime:0.001000s ]
INFO: [ app_end ] --START--
INFO: Run Behavior\ShowPageTraceBehavior [ RunTime:0.000000s ]
INFO: [ app_end ] --END-- [ RunTime:0.000000s ]

[ 2016-04-30T23:01:37+08:00 ] 127.0.0.1 /xkcms/index.php/Admin/Infoclass/infoclassUpdateSave.html
ERR: 1146:Table 'xkcms.db_infolist' doesn't exist
 [ SQL语句 ] : SHOW COLUMNS FROM `db_infolist`

[ 2016-04-30T23:40:56+08:00 ] 127.0.0.1 /xkcms/index.php/Admin/Infoclass/delClass/id/11.html
ERR: 1054:Unknown column '$id' in 'where clause'
 [ SQL语句 ] : DELETE FROM `db_infoclass` WHERE ( id = $id and parentstr like "%,$id,%" )

[ 2016-04-30T23:44:20+08:00 ] 127.0.0.1 /xkcms/index.php/Admin/Infoclass/infoclass_save.php?action=check&id=2&checkinfo=true
ERR: 非法操作:infoclass_save.php

