[ 2016-05-03T22:14:30+08:00 ] 127.0.0.1 /xkcms/index.php/Admin/Infoclass/check/id/%2Bid%2B.html
INFO: [ app_begin ] --START--
INFO: Run Behavior\ReadHtmlCacheBehavior [ RunTime:0.001001s ]
INFO: [ app_begin ] --END-- [ RunTime:0.001001s ]
SQL: SHOW COLUMNS FROM `db_infoclass` [ RunTime:0.0110s ]
SQL: SELECT `checkinfo` FROM `db_infoclass` WHERE ( id = 0 ) LIMIT 1   [ RunTime:0.0010s ]
SQL: UPDATE `db_infoclass` SET `checkinfo`='true' WHERE ( id = 0 ) [ RunTime:0.0000s ]
INFO: [ app_end ] --START--
INFO: Run Behavior\ShowPageTraceBehavior [ RunTime:0.000000s ]
INFO: [ app_end ] --END-- [ RunTime:0.000000s ]

[ 2016-05-03T22:14:33+08:00 ] 127.0.0.1 /xkcms/index.php/Admin/Infoclass/check/id/%2Bid%2B.html
INFO: [ app_begin ] --START--
INFO: Run Behavior\ReadHtmlCacheBehavior [ RunTime:0.001000s ]
INFO: [ app_begin ] --END-- [ RunTime:0.001000s ]
SQL: SHOW COLUMNS FROM `db_infoclass` [ RunTime:0.0050s ]
SQL: SELECT `checkinfo` FROM `db_infoclass` WHERE ( id = 0 ) LIMIT 1   [ RunTime:0.0020s ]
SQL: UPDATE `db_infoclass` SET `checkinfo`='true' WHERE ( id = 0 ) [ RunTime:0.0010s ]
INFO: [ app_end ] --START--
INFO: Run Behavior\ShowPageTraceBehavior [ RunTime:0.000000s ]
INFO: [ app_end ] --END-- [ RunTime:0.000000s ]

[ 2016-05-03T22:38:24+08:00 ] 127.0.0.1 /xkcms/index.php/Admin/Infoclass/check/id/%2Bid%2B.html
INFO: [ app_begin ] --START--
INFO: Run Behavior\ReadHtmlCacheBehavior [ RunTime:0.000000s ]
INFO: [ app_begin ] --END-- [ RunTime:0.001000s ]
SQL: SHOW COLUMNS FROM `db_infoclass` [ RunTime:0.0050s ]
SQL: SELECT `checkinfo` FROM `db_infoclass` WHERE ( id = 0 ) LIMIT 1   [ RunTime:0.0010s ]
SQL: UPDATE `db_infoclass` SET `checkinfo`='true' WHERE ( id = 0 ) [ RunTime:0.0010s ]

[ 2016-05-03T22:38:26+08:00 ] 127.0.0.1 /xkcms/index.php/Admin/Infoclass/check/id/%2Bid%2B.html
INFO: [ app_begin ] --START--
INFO: Run Behavior\ReadHtmlCacheBehavior [ RunTime:0.001000s ]
INFO: [ app_begin ] --END-- [ RunTime:0.002000s ]
SQL: SHOW COLUMNS FROM `db_infoclass` [ RunTime:0.0040s ]
SQL: SELECT `checkinfo` FROM `db_infoclass` WHERE ( id = 0 ) LIMIT 1   [ RunTime:0.0010s ]
SQL: UPDATE `db_infoclass` SET `checkinfo`='true' WHERE ( id = 0 ) [ RunTime:0.0010s ]

[ 2016-05-03T22:38:29+08:00 ] 127.0.0.1 /xkcms/index.php/Admin/Infoclass/check/id/%2Bid%2B.html
INFO: [ app_begin ] --START--
INFO: Run Behavior\ReadHtmlCacheBehavior [ RunTime:0.000000s ]
INFO: [ app_begin ] --END-- [ RunTime:0.002000s ]
SQL: SHOW COLUMNS FROM `db_infoclass` [ RunTime:0.0040s ]
SQL: SELECT `checkinfo` FROM `db_infoclass` WHERE ( id = 0 ) LIMIT 1   [ RunTime:0.0010s ]
SQL: UPDATE `db_infoclass` SET `checkinfo`='true' WHERE ( id = 0 ) [ RunTime:0.0000s ]

[ 2016-05-03T22:38:44+08:00 ] 127.0.0.1 /xkcms/index.php/Admin/Infoclass/check/id/%2Bid%2B.html
INFO: [ app_begin ] --START--
INFO: Run Behavior\ReadHtmlCacheBehavior [ RunTime:0.004000s ]
INFO: [ app_begin ] --END-- [ RunTime:0.014001s ]
SQL: SHOW COLUMNS FROM `db_infoclass` [ RunTime:0.0040s ]
SQL: SELECT `checkinfo` FROM `db_infoclass` WHERE ( id = 0 ) LIMIT 1   [ RunTime:0.0010s ]
SQL: UPDATE `db_infoclass` SET `checkinfo`='true' WHERE ( id = 0 ) [ RunTime:0.0000s ]

[ 2016-05-03T22:39:56+08:00 ] 127.0.0.1 /xkcms/index.php/Admin/Infoclass/check/id/%2Bid%2B.html
INFO: [ app_begin ] --START--
INFO: Run Behavior\ReadHtmlCacheBehavior [ RunTime:0.001000s ]
INFO: [ app_begin ] --END-- [ RunTime:0.001000s ]
SQL: SHOW COLUMNS FROM `db_infoclass` [ RunTime:0.0130s ]
SQL: SELECT `checkinfo` FROM `db_infoclass` WHERE ( id = 0 ) LIMIT 1   [ RunTime:0.0000s ]
SQL: UPDATE `db_infoclass` SET `checkinfo`='true' WHERE ( id = 0 ) [ RunTime:0.0000s ]

[ 2016-05-03T22:40:05+08:00 ] 127.0.0.1 /xkcms/index.php/Admin/Infoclass/check/id/%2Bid%2B.html
INFO: [ app_begin ] --START--
INFO: Run Behavior\ReadHtmlCacheBehavior [ RunTime:0.001000s ]
INFO: [ app_begin ] --END-- [ RunTime:0.001000s ]
SQL: SHOW COLUMNS FROM `db_infoclass` [ RunTime:0.0030s ]
SQL: SELECT `checkinfo` FROM `db_infoclass` WHERE ( id = 0 ) LIMIT 1   [ RunTime:0.0010s ]
SQL: UPDATE `db_infoclass` SET `checkinfo`='true' WHERE ( id = 0 ) [ RunTime:0.0000s ]

[ 2016-05-03T22:40:10+08:00 ] 127.0.0.1 /xkcms/index.php/Admin/Infoclass/check/id/%2Bid%2B.html
INFO: [ app_begin ] --START--
INFO: Run Behavior\ReadHtmlCacheBehavior [ RunTime:0.001000s ]
INFO: [ app_begin ] --END-- [ RunTime:0.001000s ]
SQL: SHOW COLUMNS FROM `db_infoclass` [ RunTime:0.0050s ]
SQL: SELECT `checkinfo` FROM `db_infoclass` WHERE ( id = 0 ) LIMIT 1   [ RunTime:0.0000s ]
SQL: UPDATE `db_infoclass` SET `checkinfo`='true' WHERE ( id = 0 ) [ RunTime:0.0010s ]

[ 2016-05-03T22:41:03+08:00 ] 127.0.0.1 /xkcms/index.php/Admin/Infoclass/check/id/%2Bid%2B.html
INFO: [ app_begin ] --START--
INFO: Run Behavior\ReadHtmlCacheBehavior [ RunTime:0.001000s ]
INFO: [ app_begin ] --END-- [ RunTime:0.001000s ]
SQL: SHOW COLUMNS FROM `db_infoclass` [ RunTime:0.0090s ]
SQL: SELECT `checkinfo` FROM `db_infoclass` WHERE ( id = 0 ) LIMIT 1   [ RunTime:0.0000s ]
SQL: UPDATE `db_infoclass` SET `checkinfo`='true' WHERE ( id = 0 ) [ RunTime:0.0010s ]

[ 2016-05-03T22:41:12+08:00 ] 127.0.0.1 /xkcms/index.php/Admin/Infoclass/check/id/%2Bid%2B.html
INFO: [ app_begin ] --START--
INFO: Run Behavior\ReadHtmlCacheBehavior [ RunTime:0.000000s ]
INFO: [ app_begin ] --END-- [ RunTime:0.001000s ]
SQL: SHOW COLUMNS FROM `db_infoclass` [ RunTime:0.0030s ]
SQL: SELECT `checkinfo` FROM `db_infoclass` WHERE ( id = 0 ) LIMIT 1   [ RunTime:0.0000s ]
SQL: UPDATE `db_infoclass` SET `checkinfo`='true' WHERE ( id = 0 ) [ RunTime:0.0010s ]

[ 2016-05-03T22:44:08+08:00 ] 127.0.0.1 /xkcms/index.php/Admin/Infoclass/check.html/id/1
INFO: [ app_begin ] --START--
INFO: Run Behavior\ReadHtmlCacheBehavior [ RunTime:0.000000s ]
INFO: [ app_begin ] --END-- [ RunTime:0.001000s ]
ERR: 非法操作:check.html

[ 2016-05-03T22:44:59+08:00 ] 127.0.0.1 /xkcms/index.php/Admin/Infoclass/check.html/id/1
INFO: [ app_begin ] --START--
INFO: Run Behavior\ReadHtmlCacheBehavior [ RunTime:0.000000s ]
INFO: [ app_begin ] --END-- [ RunTime:0.001000s ]
ERR: 非法操作:check.html

[ 2016-05-03T22:45:09+08:00 ] 127.0.0.1 /xkcms/index.php/Admin/Infoclass/check.html/id/1
INFO: [ app_begin ] --START--
INFO: Run Behavior\ReadHtmlCacheBehavior [ RunTime:0.001000s ]
INFO: [ app_begin ] --END-- [ RunTime:0.001000s ]
ERR: 非法操作:check.html

[ 2016-05-03T22:46:19+08:00 ] 127.0.0.1 /xkcms/index.php/Admin/Infoclass/check/id/1
INFO: [ app_begin ] --START--
INFO: Run Behavior\ReadHtmlCacheBehavior [ RunTime:0.000000s ]
INFO: [ app_begin ] --END-- [ RunTime:0.002000s ]
SQL: SHOW COLUMNS FROM `db_infoclass` [ RunTime:0.0050s ]
SQL: SELECT `checkinfo` FROM `db_infoclass` WHERE ( id = 1 ) LIMIT 1   [ RunTime:0.0000s ]
SQL: UPDATE `db_infoclass` SET `checkinfo`='false' WHERE ( id = 1 ) [ RunTime:0.0010s ]
INFO: [ app_end ] --START--
INFO: Run Behavior\ShowPageTraceBehavior [ RunTime:0.001000s ]
INFO: [ app_end ] --END-- [ RunTime:0.001000s ]

[ 2016-05-03T22:46:23+08:00 ] 127.0.0.1 /xkcms/index.php/Admin/Infoclass/check/id/1
INFO: [ app_begin ] --START--
INFO: Run Behavior\ReadHtmlCacheBehavior [ RunTime:0.001000s ]
INFO: [ app_begin ] --END-- [ RunTime:0.002000s ]
SQL: SHOW COLUMNS FROM `db_infoclass` [ RunTime:0.0050s ]
SQL: SELECT `checkinfo` FROM `db_infoclass` WHERE ( id = 1 ) LIMIT 1   [ RunTime:0.0000s ]
SQL: UPDATE `db_infoclass` SET `checkinfo`='true' WHERE ( id = 1 ) [ RunTime:0.0010s ]
INFO: [ app_end ] --START--
INFO: Run Behavior\ShowPageTraceBehavior [ RunTime:0.000000s ]
INFO: [ app_end ] --END-- [ RunTime:0.000000s ]

[ 2016-05-03T22:46:37+08:00 ] 127.0.0.1 /xkcms/index.php/Admin/Infoclass/check/id/1
INFO: [ app_begin ] --START--
INFO: Run Behavior\ReadHtmlCacheBehavior [ RunTime:0.001000s ]
INFO: [ app_begin ] --END-- [ RunTime:0.008001s ]
SQL: SHOW COLUMNS FROM `db_infoclass` [ RunTime:0.0160s ]
SQL: SELECT `checkinfo` FROM `db_infoclass` WHERE ( id = 1 ) LIMIT 1   [ RunTime:0.0010s ]
SQL: UPDATE `db_infoclass` SET `checkinfo`='false' WHERE ( id = 1 ) [ RunTime:0.0000s ]
INFO: [ app_end ] --START--
INFO: Run Behavior\ShowPageTraceBehavior [ RunTime:0.001000s ]
INFO: [ app_end ] --END-- [ RunTime:0.001000s ]

[ 2016-05-03T22:47:01+08:00 ] 127.0.0.1 /xkcms/index.php/Admin/Infoclass/check/id/1
INFO: [ app_begin ] --START--
INFO: Run Behavior\ReadHtmlCacheBehavior [ RunTime:0.001000s ]
INFO: [ app_begin ] --END-- [ RunTime:0.001000s ]
SQL: SHOW COLUMNS FROM `db_infoclass` [ RunTime:0.0070s ]
SQL: SELECT `checkinfo` FROM `db_infoclass` WHERE ( id = 1 ) LIMIT 1   [ RunTime:0.0000s ]
SQL: UPDATE `db_infoclass` SET `checkinfo`='true' WHERE ( id = 1 ) [ RunTime:0.0090s ]
INFO: [ app_end ] --START--
INFO: Run Behavior\ShowPageTraceBehavior [ RunTime:0.002000s ]
INFO: [ app_end ] --END-- [ RunTime:0.002000s ]

[ 2016-05-03T22:47:06+08:00 ] 127.0.0.1 /xkcms/index.php/Admin/Infoclass/check/id/4
INFO: [ app_begin ] --START--
INFO: Run Behavior\ReadHtmlCacheBehavior [ RunTime:0.001000s ]
INFO: [ app_begin ] --END-- [ RunTime:0.001000s ]
SQL: SHOW COLUMNS FROM `db_infoclass` [ RunTime:0.0030s ]
SQL: SELECT `checkinfo` FROM `db_infoclass` WHERE ( id = 4 ) LIMIT 1   [ RunTime:0.0000s ]
SQL: UPDATE `db_infoclass` SET `checkinfo`='false' WHERE ( id = 4 ) [ RunTime:0.0000s ]
INFO: [ app_end ] --START--
INFO: Run Behavior\ShowPageTraceBehavior [ RunTime:0.001000s ]
INFO: [ app_end ] --END-- [ RunTime:0.001000s ]

[ 2016-05-03T22:47:09+08:00 ] 127.0.0.1 /xkcms/index.php/Admin/Infoclass/check/id/5
INFO: [ app_begin ] --START--
INFO: Run Behavior\ReadHtmlCacheBehavior [ RunTime:0.001000s ]
INFO: [ app_begin ] --END-- [ RunTime:0.001000s ]
SQL: SHOW COLUMNS FROM `db_infoclass` [ RunTime:0.0050s ]
SQL: SELECT `checkinfo` FROM `db_infoclass` WHERE ( id = 5 ) LIMIT 1   [ RunTime:0.0000s ]
SQL: UPDATE `db_infoclass` SET `checkinfo`='false' WHERE ( id = 5 ) [ RunTime:0.0020s ]
INFO: [ app_end ] --START--
INFO: Run Behavior\ShowPageTraceBehavior [ RunTime:0.001000s ]
INFO: [ app_end ] --END-- [ RunTime:0.001000s ]

[ 2016-05-03T22:47:11+08:00 ] 127.0.0.1 /xkcms/index.php/Admin/Infoclass/check/id/4
INFO: [ app_begin ] --START--
INFO: Run Behavior\ReadHtmlCacheBehavior [ RunTime:0.001000s ]
INFO: [ app_begin ] --END-- [ RunTime:0.001000s ]
SQL: SHOW COLUMNS FROM `db_infoclass` [ RunTime:0.0090s ]
SQL: SELECT `checkinfo` FROM `db_infoclass` WHERE ( id = 4 ) LIMIT 1   [ RunTime:0.0010s ]
SQL: UPDATE `db_infoclass` SET `checkinfo`='true' WHERE ( id = 4 ) [ RunTime:0.0030s ]
INFO: [ app_end ] --START--
INFO: Run Behavior\ShowPageTraceBehavior [ RunTime:0.000000s ]
INFO: [ app_end ] --END-- [ RunTime:0.001000s ]

[ 2016-05-03T22:47:13+08:00 ] 127.0.0.1 /xkcms/index.php/Admin/Infoclass/check/id/5
INFO: [ app_begin ] --START--
INFO: Run Behavior\ReadHtmlCacheBehavior [ RunTime:0.000000s ]
INFO: [ app_begin ] --END-- [ RunTime:0.001000s ]
SQL: SHOW COLUMNS FROM `db_infoclass` [ RunTime:0.0020s ]
SQL: SELECT `checkinfo` FROM `db_infoclass` WHERE ( id = 5 ) LIMIT 1   [ RunTime:0.0000s ]
SQL: UPDATE `db_infoclass` SET `checkinfo`='true' WHERE ( id = 5 ) [ RunTime:0.0000s ]
INFO: [ app_end ] --START--
INFO: Run Behavior\ShowPageTraceBehavior [ RunTime:0.001000s ]
INFO: [ app_end ] --END-- [ RunTime:0.001000s ]

[ 2016-05-03T22:47:26+08:00 ] 127.0.0.1 /xkcms/index.php/Admin/Infoclass/check/id/1
INFO: [ app_begin ] --START--
INFO: Run Behavior\ReadHtmlCacheBehavior [ RunTime:0.001000s ]
INFO: [ app_begin ] --END-- [ RunTime:0.001000s ]
SQL: SHOW COLUMNS FROM `db_infoclass` [ RunTime:0.0040s ]
SQL: SELECT `checkinfo` FROM `db_infoclass` WHERE ( id = 1 ) LIMIT 1   [ RunTime:0.0000s ]
SQL: UPDATE `db_infoclass` SET `checkinfo`='false' WHERE ( id = 1 ) [ RunTime:0.0000s ]
INFO: [ app_end ] --START--
INFO: Run Behavior\ShowPageTraceBehavior [ RunTime:0.001000s ]
INFO: [ app_end ] --END-- [ RunTime:0.001000s ]

[ 2016-05-03T22:47:29+08:00 ] 127.0.0.1 /xkcms/index.php/Admin/Infoclass/check/id/1
INFO: [ app_begin ] --START--
INFO: Run Behavior\ReadHtmlCacheBehavior [ RunTime:0.000000s ]
INFO: [ app_begin ] --END-- [ RunTime:0.000000s ]
SQL: SHOW COLUMNS FROM `db_infoclass` [ RunTime:0.0050s ]
SQL: SELECT `checkinfo` FROM `db_infoclass` WHERE ( id = 1 ) LIMIT 1   [ RunTime:0.0000s ]
SQL: UPDATE `db_infoclass` SET `checkinfo`='true' WHERE ( id = 1 ) [ RunTime:0.0000s ]
INFO: [ app_end ] --START--
INFO: Run Behavior\ShowPageTraceBehavior [ RunTime:0.000000s ]
INFO: [ app_end ] --END-- [ RunTime:0.001000s ]

[ 2016-05-03T22:47:35+08:00 ] 127.0.0.1 /xkcms/index.php/Admin/Infoclass/check/id/1
INFO: [ app_begin ] --START--
INFO: Run Behavior\ReadHtmlCacheBehavior [ RunTime:0.001000s ]
INFO: [ app_begin ] --END-- [ RunTime:0.001000s ]
SQL: SHOW COLUMNS FROM `db_infoclass` [ RunTime:0.0090s ]
SQL: SELECT `checkinfo` FROM `db_infoclass` WHERE ( id = 1 ) LIMIT 1   [ RunTime:0.0000s ]
SQL: UPDATE `db_infoclass` SET `checkinfo`='false' WHERE ( id = 1 ) [ RunTime:0.0010s ]
INFO: [ app_end ] --START--
INFO: Run Behavior\ShowPageTraceBehavior [ RunTime:0.001000s ]
INFO: [ app_end ] --END-- [ RunTime:0.001000s ]

[ 2016-05-03T22:47:37+08:00 ] 127.0.0.1 /xkcms/index.php/Admin/Infoclass/check/id/1
INFO: [ app_begin ] --START--
INFO: Run Behavior\ReadHtmlCacheBehavior [ RunTime:0.001000s ]
INFO: [ app_begin ] --END-- [ RunTime:0.001000s ]
SQL: SHOW COLUMNS FROM `db_infoclass` [ RunTime:0.0140s ]
SQL: SELECT `checkinfo` FROM `db_infoclass` WHERE ( id = 1 ) LIMIT 1   [ RunTime:0.0000s ]
SQL: UPDATE `db_infoclass` SET `checkinfo`='true' WHERE ( id = 1 ) [ RunTime:0.0000s ]
INFO: [ app_end ] --START--
INFO: Run Behavior\ShowPageTraceBehavior [ RunTime:0.001000s ]
INFO: [ app_end ] --END-- [ RunTime:0.001000s ]

