[ 2016-04-22T21:55:04+08:00 ] ::1 /xkcms/index.php/Api/Index/index
ERR: 无法加载控制器:Api

[ 2016-04-22T22:45:17+08:00 ] ::1 /xkcms/index.php/Admin/Index/js/jquery.min.js
ERR: 非法操作:js

[ 2016-04-22T22:45:17+08:00 ] ::1 /xkcms/index.php/Admin/Index/js/frame.js
ERR: 非法操作:js

[ 2016-04-22T22:45:18+08:00 ] ::1 /xkcms/index.php/Admin/Index/js/func.js
ERR: 非法操作:js

[ 2016-04-22T22:45:18+08:00 ] ::1 /xkcms/index.php/Admin/Index/style/frame.css
ERR: 非法操作:style

[ 2016-04-22T22:45:19+08:00 ] ::1 /xkcms/index.php/Admin/Index/left_menu.html
ERR: 非法操作:left_menu

[ 2016-04-22T22:45:19+08:00 ] ::1 /xkcms/index.php/Admin/Index/main.html
ERR: 非法操作:main

[ 2016-04-22T22:51:18+08:00 ] ::1 /xkcms/index.php/Admin/Index/main.html
ERR: 非法操作:main

[ 2016-04-22T22:52:44+08:00 ] ::1 /xkcms/index.php/Admin/Index/main.html
ERR: 非法操作:main

[ 2016-04-22T23:10:54+08:00 ] ::1 /xkcms/index.php/Admin/Index/Admin/Public/style/frame.css
ERR: 非法操作:Admin

[ 2016-04-22T23:10:54+08:00 ] ::1 /xkcms/index.php/Admin/Index/Admin/Public/Admin/js/jquery.min.js
ERR: 非法操作:Admin

[ 2016-04-22T23:10:54+08:00 ] ::1 /xkcms/index.php/Admin/Index/Admin/Public/Admin/js/frame.js
ERR: 非法操作:Admin

[ 2016-04-22T23:10:54+08:00 ] ::1 /xkcms/index.php/Admin/Index/Admin/Public/style/frame.css
ERR: 非法操作:Admin

[ 2016-04-22T23:10:55+08:00 ] ::1 /xkcms/index.php/Admin/Index/Admin/Public/Admin/js/func.js
ERR: 非法操作:Admin

[ 2016-04-22T23:10:55+08:00 ] ::1 /xkcms/index.php/Admin/Index/Admin/Public/Admin/js/func.js
ERR: 非法操作:Admin

[ 2016-04-22T23:10:56+08:00 ] ::1 /xkcms/index.php/Admin/Index/Admin/Public/Admin/js/frame.js
ERR: 非法操作:Admin

[ 2016-04-22T23:10:56+08:00 ] ::1 /xkcms/index.php/Admin/Index/Admin/Public/Admin/js/jquery.min.js
ERR: 非法操作:Admin

[ 2016-04-22T23:10:56+08:00 ] ::1 /xkcms/index.php/Admin/Index/Admin/Public/Admin/style/menu.css
ERR: 非法操作:Admin

[ 2016-04-22T23:10:56+08:00 ] ::1 /xkcms/index.php/Admin/Index/Admin/Public/Admin/js/jquery.min.js
ERR: 非法操作:Admin

[ 2016-04-22T23:10:57+08:00 ] ::1 /xkcms/index.php/Admin/Index/Admin/Public/Admin/js/leftmenu.js
ERR: 非法操作:Admin

[ 2016-04-22T23:10:57+08:00 ] ::1 /xkcms/index.php/Admin/Index/Admin/Public/Admin/js/tinyscrollbar.js
ERR: 非法操作:Admin

[ 2016-04-22T23:11:51+08:00 ] ::1 /xkcms/index.php/Admin/Index/Admin/Public/style/frame.css
ERR: 非法操作:Admin

[ 2016-04-22T23:11:51+08:00 ] ::1 /xkcms/index.php/Admin/Index/Admin/Public/Admin/js/jquery.min.js
ERR: 非法操作:Admin

[ 2016-04-22T23:11:51+08:00 ] ::1 /xkcms/index.php/Admin/Index/Admin/Public/Admin/js/frame.js
ERR: 非法操作:Admin

[ 2016-04-22T23:11:52+08:00 ] ::1 /xkcms/index.php/Admin/Index/Admin/Public/Admin/js/func.js
ERR: 非法操作:Admin

[ 2016-04-22T23:11:52+08:00 ] ::1 /xkcms/index.php/Admin/Index/Admin/Public/Admin/style/menu.css
ERR: 非法操作:Admin

[ 2016-04-22T23:11:52+08:00 ] ::1 /xkcms/index.php/Admin/Index/Admin/Public/Admin/js/tinyscrollbar.js
ERR: 非法操作:Admin

[ 2016-04-22T23:11:52+08:00 ] ::1 /xkcms/index.php/Admin/Index/Admin/Public/Admin/js/leftmenu.js
ERR: 非法操作:Admin

[ 2016-04-22T23:11:52+08:00 ] ::1 /xkcms/index.php/Admin/Index/Admin/Public/Admin/js/jquery.min.js
ERR: 非法操作:Admin

[ 2016-04-22T23:11:57+08:00 ] ::1 /xkcms/index.php/Admin/Index/Admin/Public/style/frame.css
ERR: 非法操作:Admin

[ 2016-04-22T23:13:37+08:00 ] ::1 /xkcms/index.php/Admin/Index/App//Admin/Public/style/frame.css
ERR: 非法操作:App

[ 2016-04-22T23:13:40+08:00 ] ::1 /xkcms/index.php/Admin/Index/App//Admin/Public/style/frame.css
ERR: 非法操作:App

[ 2016-04-22T23:14:07+08:00 ] ::1 /xkcms/index.php/Admin/Index/App//Admin/Public/style/frame.css
ERR: 非法操作:App

[ 2016-04-22T23:37:35+08:00 ] 127.0.0.1 /xkcms/index.php/Admin/Login/login.html
ERR: 非法操作:login

