[ 2017-03-01T13:53:43+08:00 ] 127.0.0.1 /myproject/index.php/Admin/Login/login.html
ERR: SQLSTATE[HY000] [2002] ÓÉÓÚÄ¿±ê¼ÆËã»ú»ý¼«¾Ü¾ø£¬ÎÞ·¨Á¬½Ó¡£


[ 2017-03-01T13:53:59+08:00 ] 127.0.0.1 /myproject/index.php/Admin/Login/login.html
ERR: SQLSTATE[HY000] [2002] ÓÉÓÚÄ¿±ê¼ÆËã»ú»ý¼«¾Ü¾ø£¬ÎÞ·¨Á¬½Ó¡£


[ 2017-03-01T14:15:20+08:00 ] 127.0.0.1 /myproject/index.php/Admin/Infoclass/check/id/1
INFO: [ app_begin ] --START--
INFO: Run Behavior\ReadHtmlCacheBehavior [ RunTime:0.001000s ]
INFO: [ app_begin ] --END-- [ RunTime:0.003000s ]
SQL: SHOW COLUMNS FROM `db_infoclass` [ RunTime:0.0030s ]
SQL: SELECT `checkinfo` FROM `db_infoclass` WHERE ( id = 1 ) LIMIT 1   [ RunTime:0.0010s ]
SQL: UPDATE `db_infoclass` SET `checkinfo`='false' WHERE ( id = 1 ) [ RunTime:0.0000s ]
INFO: [ app_end ] --START--
INFO: Run Behavior\ShowPageTraceBehavior [ RunTime:0.001000s ]
INFO: [ app_end ] --END-- [ RunTime:0.001000s ]

[ 2017-03-01T14:15:22+08:00 ] 127.0.0.1 /myproject/index.php/Admin/Infoclass/check/id/1
INFO: [ app_begin ] --START--
INFO: Run Behavior\ReadHtmlCacheBehavior [ RunTime:0.001000s ]
INFO: [ app_begin ] --END-- [ RunTime:0.001000s ]
SQL: SHOW COLUMNS FROM `db_infoclass` [ RunTime:0.0030s ]
SQL: SELECT `checkinfo` FROM `db_infoclass` WHERE ( id = 1 ) LIMIT 1   [ RunTime:0.0010s ]
SQL: UPDATE `db_infoclass` SET `checkinfo`='true' WHERE ( id = 1 ) [ RunTime:0.0000s ]
INFO: [ app_end ] --START--
INFO: Run Behavior\ShowPageTraceBehavior [ RunTime:0.007000s ]
INFO: [ app_end ] --END-- [ RunTime:0.007000s ]

[ 2017-03-01T14:31:17+08:00 ] 127.0.0.1 /myproject/index.php/Admin/Infolist/index.html
ERR: æ— æ³•åŠ è½½æŽ§åˆ¶å™¨:Infolist

[ 2017-03-01T14:31:28+08:00 ] 127.0.0.1 /myproject/index.php/Admin/Infolist/index.html
ERR: æ— æ³•åŠ è½½æŽ§åˆ¶å™¨:Infolist

[ 2017-03-01T14:31:46+08:00 ] 127.0.0.1 /myproject/index.php/Admin/Infolist/index.html
ERR: æ— æ³•åŠ è½½æŽ§åˆ¶å™¨:Infolist

[ 2017-03-01T14:32:13+08:00 ] 127.0.0.1 /myproject/index.php/Admin/Infolist/index.html
ERR: æ— æ³•åŠ è½½æŽ§åˆ¶å™¨:Infolist

[ 2017-03-01T14:32:22+08:00 ] 127.0.0.1 /myproject/index.php/Admin/Infolist/index.html
ERR: æ— æ³•åŠ è½½æŽ§åˆ¶å™¨:Infolist

[ 2017-03-01T14:32:49+08:00 ] 127.0.0.1 /myproject/index.php/Admin/Infolist/index.html
ERR: æ— æ³•åŠ è½½æŽ§åˆ¶å™¨:Infolist

[ 2017-03-01T14:33:16+08:00 ] 127.0.0.1 /myproject/index.php/Admin/Infolist/index.html
ERR: æ— æ³•åŠ è½½æŽ§åˆ¶å™¨:Infolist

[ 2017-03-01T14:33:30+08:00 ] 127.0.0.1 /myproject/index.php/Admin/Infolist/index.html
ERR: æ— æ³•åŠ è½½æŽ§åˆ¶å™¨:Infolist

[ 2017-03-01T14:33:31+08:00 ] 127.0.0.1 /myproject/index.php/Admin/Infolist/index.html
ERR: æ— æ³•åŠ è½½æŽ§åˆ¶å™¨:Infolist

[ 2017-03-01T14:34:02+08:00 ] 127.0.0.1 /myproject/index.php/Admin/Infolist/index.html
ERR: æ— æ³•åŠ è½½æŽ§åˆ¶å™¨:Infolist

[ 2017-03-01T14:34:53+08:00 ] 127.0.0.1 /myproject/index.php/Admin/Infolist/index.html
ERR: æ— æ³•åŠ è½½æŽ§åˆ¶å™¨:Infolist

[ 2017-03-01T14:34:54+08:00 ] 127.0.0.1 /myproject/index.php/Admin/Infolist/index.html
ERR: æ— æ³•åŠ è½½æŽ§åˆ¶å™¨:Infolist

[ 2017-03-01T14:37:47+08:00 ] 127.0.0.1 /myproject/index.php/Admin/Infolist/index.html
ERR: æ— æ³•åŠ è½½æŽ§åˆ¶å™¨:Infolist

[ 2017-03-01T14:37:52+08:00 ] 127.0.0.1 /myproject/index.php/Admin/Infolist/index.html
ERR: æ— æ³•åŠ è½½æŽ§åˆ¶å™¨:Infolist

[ 2017-03-01T14:37:52+08:00 ] 127.0.0.1 /myproject/index.php/Admin/Infolist/index.html
ERR: æ— æ³•åŠ è½½æŽ§åˆ¶å™¨:Infolist

[ 2017-03-01T14:39:14+08:00 ] 127.0.0.1 /myproject/index.php/Admin/Infolist/index.html
ERR: æ— æ³•åŠ è½½æŽ§åˆ¶å™¨:Infolist

[ 2017-03-01T14:39:38+08:00 ] 127.0.0.1 /myproject/index.php/Admin/Infolist/index.html
ERR: æ— æ³•åŠ è½½æŽ§åˆ¶å™¨:Infolist

[ 2017-03-01T14:40:14+08:00 ] 127.0.0.1 /myproject/index.php/Admin/Infolist/index.html
ERR: æ— æ³•åŠ è½½æŽ§åˆ¶å™¨:Infolist

[ 2017-03-01T14:40:15+08:00 ] 127.0.0.1 /myproject/index.php/Admin/Infolist/index.html
ERR: æ— æ³•åŠ è½½æŽ§åˆ¶å™¨:Infolist

[ 2017-03-01T14:40:15+08:00 ] 127.0.0.1 /myproject/index.php/Admin/Infolist/index.html
ERR: æ— æ³•åŠ è½½æŽ§åˆ¶å™¨:Infolist

[ 2017-03-01T14:40:49+08:00 ] 127.0.0.1 /myproject/index.php/Admin/Infolist/index.html
ERR: æ— æ³•åŠ è½½æŽ§åˆ¶å™¨:Infolist

[ 2017-03-01T14:42:46+08:00 ] 127.0.0.1 /myproject/index.php/Admin/Infolist/index.html
ERR: æ— æ³•åŠ è½½æŽ§åˆ¶å™¨:Infolist

[ 2017-03-01T14:43:09+08:00 ] 127.0.0.1 /myproject/index.php/Admin/Infolist/index.html
ERR: æ— æ³•åŠ è½½æŽ§åˆ¶å™¨:Infolist

[ 2017-03-01T14:43:22+08:00 ] 127.0.0.1 /myproject/index.php/Admin/Infolist/index.html
ERR: æ— æ³•åŠ è½½æŽ§åˆ¶å™¨:Infolist

[ 2017-03-01T14:44:10+08:00 ] 127.0.0.1 /myproject/index.php/Admin/Infolist/index.html
ERR: æ— æ³•åŠ è½½æŽ§åˆ¶å™¨:Infolist

[ 2017-03-01T14:44:13+08:00 ] 127.0.0.1 /myproject/index.php/Admin/Infolist/index.html
ERR: æ— æ³•åŠ è½½æŽ§åˆ¶å™¨:Infolist

[ 2017-03-01T14:44:15+08:00 ] 127.0.0.1 /myproject/index.php/Admin/Infolist/index.html
ERR: æ— æ³•åŠ è½½æŽ§åˆ¶å™¨:Infolist

[ 2017-03-01T14:44:18+08:00 ] 127.0.0.1 /myproject/index.php/Admin/Infolist/index.html
ERR: æ— æ³•åŠ è½½æŽ§åˆ¶å™¨:Infolist

[ 2017-03-01T14:44:39+08:00 ] 127.0.0.1 /myproject/index.php/Admin/Infolist/index.html
ERR: æ— æ³•åŠ è½½æŽ§åˆ¶å™¨:Infolist

[ 2017-03-01T14:44:52+08:00 ] 127.0.0.1 /myproject/index.php/Admin/Infolist/index.html
ERR: æ— æ³•åŠ è½½æŽ§åˆ¶å™¨:Infolist

[ 2017-03-01T14:45:48+08:00 ] 127.0.0.1 /myproject/index.php/Admin/Infolist/index.html
ERR: æ— æ³•åŠ è½½æŽ§åˆ¶å™¨:Infolist

[ 2017-03-01T15:21:24+08:00 ] 127.0.0.1 /myproject/index.php/Admin/Infolist/check/id/16
INFO: [ app_begin ] --START--
INFO: Run Behavior\ReadHtmlCacheBehavior [ RunTime:0.001000s ]
INFO: [ app_begin ] --END-- [ RunTime:0.002000s ]
SQL: SHOW COLUMNS FROM `db_infolist` [ RunTime:0.0060s ]
SQL: SELECT `checkinfo` FROM `db_infolist` WHERE ( id = 16 ) LIMIT 1   [ RunTime:0.0000s ]
SQL: UPDATE `db_infolist` SET `checkinfo`='true' WHERE ( id = 16 ) [ RunTime:0.0010s ]
INFO: [ app_end ] --START--
INFO: Run Behavior\ShowPageTraceBehavior [ RunTime:0.008001s ]
INFO: [ app_end ] --END-- [ RunTime:0.008001s ]

[ 2017-03-01T15:21:27+08:00 ] 127.0.0.1 /myproject/index.php/Admin/Infolist/check/id/19
INFO: [ app_begin ] --START--
INFO: Run Behavior\ReadHtmlCacheBehavior [ RunTime:0.002000s ]
INFO: [ app_begin ] --END-- [ RunTime:0.003001s ]
SQL: SHOW COLUMNS FROM `db_infolist` [ RunTime:0.0100s ]
SQL: SELECT `checkinfo` FROM `db_infolist` WHERE ( id = 19 ) LIMIT 1   [ RunTime:0.0000s ]
SQL: UPDATE `db_infolist` SET `checkinfo`='false' WHERE ( id = 19 ) [ RunTime:0.0010s ]
INFO: [ app_end ] --START--
INFO: Run Behavior\ShowPageTraceBehavior [ RunTime:0.000000s ]
INFO: [ app_end ] --END-- [ RunTime:0.000000s ]

[ 2017-03-01T15:21:30+08:00 ] 127.0.0.1 /myproject/index.php/Admin/Infolist/check/id/18
INFO: [ app_begin ] --START--
INFO: Run Behavior\ReadHtmlCacheBehavior [ RunTime:0.000000s ]
INFO: [ app_begin ] --END-- [ RunTime:0.001001s ]
SQL: SHOW COLUMNS FROM `db_infolist` [ RunTime:0.0060s ]
SQL: SELECT `checkinfo` FROM `db_infolist` WHERE ( id = 18 ) LIMIT 1   [ RunTime:0.0000s ]
SQL: UPDATE `db_infolist` SET `checkinfo`='false' WHERE ( id = 18 ) [ RunTime:0.0000s ]
INFO: [ app_end ] --START--
INFO: Run Behavior\ShowPageTraceBehavior [ RunTime:0.001000s ]
INFO: [ app_end ] --END-- [ RunTime:0.001000s ]

[ 2017-03-01T15:21:32+08:00 ] 127.0.0.1 /myproject/index.php/Admin/Infolist/check/id/19
INFO: [ app_begin ] --START--
INFO: Run Behavior\ReadHtmlCacheBehavior [ RunTime:0.001000s ]
INFO: [ app_begin ] --END-- [ RunTime:0.001000s ]
SQL: SHOW COLUMNS FROM `db_infolist` [ RunTime:0.0070s ]
SQL: SELECT `checkinfo` FROM `db_infolist` WHERE ( id = 19 ) LIMIT 1   [ RunTime:0.0010s ]
SQL: UPDATE `db_infolist` SET `checkinfo`='true' WHERE ( id = 19 ) [ RunTime:0.0000s ]
INFO: [ app_end ] --START--
INFO: Run Behavior\ShowPageTraceBehavior [ RunTime:0.001000s ]
INFO: [ app_end ] --END-- [ RunTime:0.001000s ]

[ 2017-03-01T15:21:34+08:00 ] 127.0.0.1 /myproject/index.php/Admin/Infolist/check/id/18
INFO: [ app_begin ] --START--
INFO: Run Behavior\ReadHtmlCacheBehavior [ RunTime:0.001000s ]
INFO: [ app_begin ] --END-- [ RunTime:0.001000s ]
SQL: SHOW COLUMNS FROM `db_infolist` [ RunTime:0.0040s ]
SQL: SELECT `checkinfo` FROM `db_infolist` WHERE ( id = 18 ) LIMIT 1   [ RunTime:0.0010s ]
SQL: UPDATE `db_infolist` SET `checkinfo`='true' WHERE ( id = 18 ) [ RunTime:0.0000s ]
INFO: [ app_end ] --START--
INFO: Run Behavior\ShowPageTraceBehavior [ RunTime:0.001000s ]
INFO: [ app_end ] --END-- [ RunTime:0.001000s ]

[ 2017-03-01T15:21:50+08:00 ] 127.0.0.1 /myproject/index.php/Admin/Infolist/check/id/19
INFO: [ app_begin ] --START--
INFO: Run Behavior\ReadHtmlCacheBehavior [ RunTime:0.000000s ]
INFO: [ app_begin ] --END-- [ RunTime:0.001000s ]
SQL: SHOW COLUMNS FROM `db_infolist` [ RunTime:0.0040s ]
SQL: SELECT `checkinfo` FROM `db_infolist` WHERE ( id = 19 ) LIMIT 1   [ RunTime:0.0010s ]
SQL: UPDATE `db_infolist` SET `checkinfo`='false' WHERE ( id = 19 ) [ RunTime:0.0000s ]
INFO: [ app_end ] --START--
INFO: Run Behavior\ShowPageTraceBehavior [ RunTime:0.000000s ]
INFO: [ app_end ] --END-- [ RunTime:0.001000s ]

[ 2017-03-01T15:52:09+08:00 ] 127.0.0.1 /myproject/index.php/Admin/Infolist/infolistUpdate/id/ajax_do.php?action=infoclass&id=8&row=
INFO: [ app_begin ] --START--
INFO: Run Behavior\ReadHtmlCacheBehavior [ RunTime:0.001000s ]
INFO: [ app_begin ] --END-- [ RunTime:0.001000s ]
SQL: SHOW COLUMNS FROM `db_infolist` [ RunTime:0.0040s ]
SQL: SHOW COLUMNS FROM `db_infoclass` [ RunTime:0.0040s ]
SQL: SELECT * FROM `db_infolist` WHERE ( id=8 ) LIMIT 1   [ RunTime:0.0010s ]
SQL: SELECT * FROM `db_infoclass` ORDER BY orderid asc  [ RunTime:0.0000s ]
INFO: [ view_parse ] --START--
INFO: [ template_filter ] --START--
INFO: Run Behavior\ContentReplaceBehavior [ RunTime:0.000000s ]
INFO: [ template_filter ] --END-- [ RunTime:0.000000s ]
INFO: Run Behavior\ParseTemplateBehavior [ RunTime:0.006000s ]
INFO: [ view_parse ] --END-- [ RunTime:0.006000s ]
INFO: [ view_filter ] --START--
INFO: Run Behavior\WriteHtmlCacheBehavior [ RunTime:0.001000s ]
INFO: [ view_filter ] --END-- [ RunTime:0.001000s ]
INFO: [ app_end ] --START--
INFO: Run Behavior\ShowPageTraceBehavior [ RunTime:0.001000s ]
INFO: [ app_end ] --END-- [ RunTime:0.001000s ]

[ 2017-03-01T15:52:11+08:00 ] 127.0.0.1 /myproject/index.php/Admin/Infolist/infolistUpdate/id/ajax_do.php?action=infoclass&id=1&row=
INFO: [ app_begin ] --START--
INFO: Run Behavior\ReadHtmlCacheBehavior [ RunTime:0.001000s ]
INFO: [ app_begin ] --END-- [ RunTime:0.002000s ]
SQL: SHOW COLUMNS FROM `db_infolist` [ RunTime:0.0060s ]
SQL: SHOW COLUMNS FROM `db_infoclass` [ RunTime:0.0060s ]
SQL: SELECT * FROM `db_infolist` WHERE ( id=1 ) LIMIT 1   [ RunTime:0.0010s ]
SQL: SELECT * FROM `db_infoclass` ORDER BY orderid asc  [ RunTime:0.0000s ]
INFO: [ view_parse ] --START--
INFO: [ template_filter ] --START--
INFO: Run Behavior\ContentReplaceBehavior [ RunTime:0.000000s ]
INFO: [ template_filter ] --END-- [ RunTime:0.000000s ]
INFO: Run Behavior\ParseTemplateBehavior [ RunTime:0.012000s ]
INFO: [ view_parse ] --END-- [ RunTime:0.012000s ]
INFO: [ view_filter ] --START--
INFO: Run Behavior\WriteHtmlCacheBehavior [ RunTime:0.000000s ]
INFO: [ view_filter ] --END-- [ RunTime:0.000000s ]
INFO: [ app_end ] --START--
INFO: Run Behavior\ShowPageTraceBehavior [ RunTime:0.001000s ]
INFO: [ app_end ] --END-- [ RunTime:0.001000s ]

[ 2017-03-01T15:52:12+08:00 ] 127.0.0.1 /myproject/index.php/Admin/Infolist/infolistUpdate/id/ajax_do.php?action=infoclass&id=1&row=
INFO: [ app_begin ] --START--
INFO: Run Behavior\ReadHtmlCacheBehavior [ RunTime:0.000000s ]
INFO: [ app_begin ] --END-- [ RunTime:0.002000s ]
SQL: SHOW COLUMNS FROM `db_infolist` [ RunTime:0.0060s ]
SQL: SHOW COLUMNS FROM `db_infoclass` [ RunTime:0.0050s ]
SQL: SELECT * FROM `db_infolist` WHERE ( id=1 ) LIMIT 1   [ RunTime:0.0010s ]
SQL: SELECT * FROM `db_infoclass` ORDER BY orderid asc  [ RunTime:0.0000s ]
INFO: [ view_parse ] --START--
INFO: [ template_filter ] --START--
INFO: Run Behavior\ContentReplaceBehavior [ RunTime:0.000000s ]
INFO: [ template_filter ] --END-- [ RunTime:0.000000s ]
INFO: Run Behavior\ParseTemplateBehavior [ RunTime:0.017001s ]
INFO: [ view_parse ] --END-- [ RunTime:0.017001s ]
INFO: [ view_filter ] --START--
INFO: Run Behavior\WriteHtmlCacheBehavior [ RunTime:0.001000s ]
INFO: [ view_filter ] --END-- [ RunTime:0.001000s ]
INFO: [ app_end ] --START--
INFO: Run Behavior\ShowPageTraceBehavior [ RunTime:0.003000s ]
INFO: [ app_end ] --END-- [ RunTime:0.003000s ]

[ 2017-03-01T15:52:14+08:00 ] 127.0.0.1 /myproject/index.php/Admin/Infolist/infolistUpdate/id/ajax_do.php?action=infoclass&id=7&row=
INFO: [ app_begin ] --START--
INFO: Run Behavior\ReadHtmlCacheBehavior [ RunTime:0.001000s ]
INFO: [ app_begin ] --END-- [ RunTime:0.003000s ]
SQL: SHOW COLUMNS FROM `db_infolist` [ RunTime:0.0110s ]
SQL: SHOW COLUMNS FROM `db_infoclass` [ RunTime:0.0100s ]
SQL: SELECT * FROM `db_infolist` WHERE ( id=7 ) LIMIT 1   [ RunTime:0.0010s ]
SQL: SELECT * FROM `db_infoclass` ORDER BY orderid asc  [ RunTime:0.0000s ]
INFO: [ view_parse ] --START--
INFO: [ template_filter ] --START--
INFO: Run Behavior\ContentReplaceBehavior [ RunTime:0.000000s ]
INFO: [ template_filter ] --END-- [ RunTime:0.000000s ]
INFO: Run Behavior\ParseTemplateBehavior [ RunTime:0.011001s ]
INFO: [ view_parse ] --END-- [ RunTime:0.011001s ]
INFO: [ view_filter ] --START--
INFO: Run Behavior\WriteHtmlCacheBehavior [ RunTime:0.000000s ]
INFO: [ view_filter ] --END-- [ RunTime:0.000000s ]
INFO: [ app_end ] --START--
INFO: Run Behavior\ShowPageTraceBehavior [ RunTime:0.001000s ]
INFO: [ app_end ] --END-- [ RunTime:0.001000s ]

[ 2017-03-01T15:52:14+08:00 ] 127.0.0.1 /myproject/index.php/Admin/Infolist/infolistUpdate/id/ajax_do.php?action=infoclass&id=7&row=
INFO: [ app_begin ] --START--
INFO: Run Behavior\ReadHtmlCacheBehavior [ RunTime:0.001000s ]
INFO: [ app_begin ] --END-- [ RunTime:0.001000s ]
SQL: SHOW COLUMNS FROM `db_infolist` [ RunTime:0.0060s ]
SQL: SHOW COLUMNS FROM `db_infoclass` [ RunTime:0.0060s ]
SQL: SELECT * FROM `db_infolist` WHERE ( id=7 ) LIMIT 1   [ RunTime:0.0010s ]
SQL: SELECT * FROM `db_infoclass` ORDER BY orderid asc  [ RunTime:0.0000s ]
INFO: [ view_parse ] --START--
INFO: [ template_filter ] --START--
INFO: Run Behavior\ContentReplaceBehavior [ RunTime:0.000000s ]
INFO: [ template_filter ] --END-- [ RunTime:0.000000s ]
INFO: Run Behavior\ParseTemplateBehavior [ RunTime:0.010001s ]
INFO: [ view_parse ] --END-- [ RunTime:0.010001s ]
INFO: [ view_filter ] --START--
INFO: Run Behavior\WriteHtmlCacheBehavior [ RunTime:0.001000s ]
INFO: [ view_filter ] --END-- [ RunTime:0.001000s ]
INFO: [ app_end ] --START--
INFO: Run Behavior\ShowPageTraceBehavior [ RunTime:0.000000s ]
INFO: [ app_end ] --END-- [ RunTime:0.000000s ]

[ 2017-03-01T15:52:15+08:00 ] 127.0.0.1 /myproject/index.php/Admin/Infolist/infolistUpdate/id/ajax_do.php?action=infoclass&id=7&row=
INFO: [ app_begin ] --START--
INFO: Run Behavior\ReadHtmlCacheBehavior [ RunTime:0.001000s ]
INFO: [ app_begin ] --END-- [ RunTime:0.001000s ]
SQL: SHOW COLUMNS FROM `db_infolist` [ RunTime:0.0060s ]
SQL: SHOW COLUMNS FROM `db_infoclass` [ RunTime:0.0060s ]
SQL: SELECT * FROM `db_infolist` WHERE ( id=7 ) LIMIT 1   [ RunTime:0.0000s ]
SQL: SELECT * FROM `db_infoclass` ORDER BY orderid asc  [ RunTime:0.0010s ]
INFO: [ view_parse ] --START--
INFO: [ template_filter ] --START--
INFO: Run Behavior\ContentReplaceBehavior [ RunTime:0.000000s ]
INFO: [ template_filter ] --END-- [ RunTime:0.000000s ]
INFO: Run Behavior\ParseTemplateBehavior [ RunTime:0.007001s ]
INFO: [ view_parse ] --END-- [ RunTime:0.007001s ]
INFO: [ view_filter ] --START--
INFO: Run Behavior\WriteHtmlCacheBehavior [ RunTime:0.000000s ]
INFO: [ view_filter ] --END-- [ RunTime:0.000000s ]
INFO: [ app_end ] --START--
INFO: Run Behavior\ShowPageTraceBehavior [ RunTime:0.001000s ]
INFO: [ app_end ] --END-- [ RunTime:0.001000s ]

[ 2017-03-01T15:52:15+08:00 ] 127.0.0.1 /myproject/index.php/Admin/Infolist/infolistUpdate/id/ajax_do.php?action=infoclass&id=7&row=
INFO: [ app_begin ] --START--
INFO: Run Behavior\ReadHtmlCacheBehavior [ RunTime:0.000000s ]
INFO: [ app_begin ] --END-- [ RunTime:0.001000s ]
SQL: SHOW COLUMNS FROM `db_infolist` [ RunTime:0.0070s ]
SQL: SHOW COLUMNS FROM `db_infoclass` [ RunTime:0.0060s ]
SQL: SELECT * FROM `db_infolist` WHERE ( id=7 ) LIMIT 1   [ RunTime:0.0000s ]
SQL: SELECT * FROM `db_infoclass` ORDER BY orderid asc  [ RunTime:0.0010s ]
INFO: [ view_parse ] --START--
INFO: [ template_filter ] --START--
INFO: Run Behavior\ContentReplaceBehavior [ RunTime:0.000000s ]
INFO: [ template_filter ] --END-- [ RunTime:0.000000s ]
INFO: Run Behavior\ParseTemplateBehavior [ RunTime:0.012000s ]
INFO: [ view_parse ] --END-- [ RunTime:0.012000s ]
INFO: [ view_filter ] --START--
INFO: Run Behavior\WriteHtmlCacheBehavior [ RunTime:0.000000s ]
INFO: [ view_filter ] --END-- [ RunTime:0.000000s ]
INFO: [ app_end ] --START--
INFO: Run Behavior\ShowPageTraceBehavior [ RunTime:0.000000s ]
INFO: [ app_end ] --END-- [ RunTime:0.000000s ]

[ 2017-03-01T15:52:26+08:00 ] 127.0.0.1 /myproject/index.php/Admin/Infolist/infolistUpdate/id/ajax_do.php?action=infoclass&id=1&row=
INFO: [ app_begin ] --START--
INFO: Run Behavior\ReadHtmlCacheBehavior [ RunTime:0.000000s ]
INFO: [ app_begin ] --END-- [ RunTime:0.001000s ]
SQL: SHOW COLUMNS FROM `db_infolist` [ RunTime:0.0060s ]
SQL: SHOW COLUMNS FROM `db_infoclass` [ RunTime:0.0070s ]
SQL: SELECT * FROM `db_infolist` WHERE ( id=1 ) LIMIT 1   [ RunTime:0.0000s ]
SQL: SELECT * FROM `db_infoclass` ORDER BY orderid asc  [ RunTime:0.0010s ]
INFO: [ view_parse ] --START--
INFO: [ template_filter ] --START--
INFO: Run Behavior\ContentReplaceBehavior [ RunTime:0.000000s ]
INFO: [ template_filter ] --END-- [ RunTime:0.000000s ]
INFO: Run Behavior\ParseTemplateBehavior [ RunTime:0.010001s ]
INFO: [ view_parse ] --END-- [ RunTime:0.010001s ]
INFO: [ view_filter ] --START--
INFO: Run Behavior\WriteHtmlCacheBehavior [ RunTime:0.000000s ]
INFO: [ view_filter ] --END-- [ RunTime:0.000000s ]
INFO: [ app_end ] --START--
INFO: Run Behavior\ShowPageTraceBehavior [ RunTime:0.001000s ]
INFO: [ app_end ] --END-- [ RunTime:0.001000s ]

[ 2017-03-01T15:52:28+08:00 ] 127.0.0.1 /myproject/index.php/Admin/Infolist/infolistUpdate/id/ajax_do.php?action=infoclass&id=7&row=
INFO: [ app_begin ] --START--
INFO: Run Behavior\ReadHtmlCacheBehavior [ RunTime:0.000000s ]
INFO: [ app_begin ] --END-- [ RunTime:0.001000s ]
SQL: SHOW COLUMNS FROM `db_infolist` [ RunTime:0.0060s ]
SQL: SHOW COLUMNS FROM `db_infoclass` [ RunTime:0.0060s ]
SQL: SELECT * FROM `db_infolist` WHERE ( id=7 ) LIMIT 1   [ RunTime:0.0010s ]
SQL: SELECT * FROM `db_infoclass` ORDER BY orderid asc  [ RunTime:0.0000s ]
INFO: [ view_parse ] --START--
INFO: [ template_filter ] --START--
INFO: Run Behavior\ContentReplaceBehavior [ RunTime:0.000000s ]
INFO: [ template_filter ] --END-- [ RunTime:0.000000s ]
INFO: Run Behavior\ParseTemplateBehavior [ RunTime:0.010001s ]
INFO: [ view_parse ] --END-- [ RunTime:0.010001s ]
INFO: [ view_filter ] --START--
INFO: Run Behavior\WriteHtmlCacheBehavior [ RunTime:0.000000s ]
INFO: [ view_filter ] --END-- [ RunTime:0.000000s ]
INFO: [ app_end ] --START--
INFO: Run Behavior\ShowPageTraceBehavior [ RunTime:0.001000s ]
INFO: [ app_end ] --END-- [ RunTime:0.001000s ]

[ 2017-03-01T15:52:28+08:00 ] 127.0.0.1 /myproject/index.php/Admin/Infolist/infolistUpdate/id/ajax_do.php?action=infoclass&id=7&row=
INFO: [ app_begin ] --START--
INFO: Run Behavior\ReadHtmlCacheBehavior [ RunTime:0.001000s ]
INFO: [ app_begin ] --END-- [ RunTime:0.001000s ]
SQL: SHOW COLUMNS FROM `db_infolist` [ RunTime:0.0070s ]
SQL: SHOW COLUMNS FROM `db_infoclass` [ RunTime:0.0070s ]
SQL: SELECT * FROM `db_infolist` WHERE ( id=7 ) LIMIT 1   [ RunTime:0.0010s ]
SQL: SELECT * FROM `db_infoclass` ORDER BY orderid asc  [ RunTime:0.0000s ]
INFO: [ view_parse ] --START--
INFO: [ template_filter ] --START--
INFO: Run Behavior\ContentReplaceBehavior [ RunTime:0.000000s ]
INFO: [ template_filter ] --END-- [ RunTime:0.000000s ]
INFO: Run Behavior\ParseTemplateBehavior [ RunTime:0.010001s ]
INFO: [ view_parse ] --END-- [ RunTime:0.010001s ]
INFO: [ view_filter ] --START--
INFO: Run Behavior\WriteHtmlCacheBehavior [ RunTime:0.000000s ]
INFO: [ view_filter ] --END-- [ RunTime:0.000000s ]
INFO: [ app_end ] --START--
INFO: Run Behavior\ShowPageTraceBehavior [ RunTime:0.001000s ]
INFO: [ app_end ] --END-- [ RunTime:0.001000s ]

[ 2017-03-01T15:52:56+08:00 ] 127.0.0.1 /myproject/index.php/Admin/Infolist/infolistUpdate/id/ajax_do.php?action=infoclass&id=1&row=
INFO: [ app_begin ] --START--
INFO: Run Behavior\ReadHtmlCacheBehavior [ RunTime:0.001000s ]
INFO: [ app_begin ] --END-- [ RunTime:0.001000s ]
SQL: SHOW COLUMNS FROM `db_infolist` [ RunTime:0.0070s ]
SQL: SHOW COLUMNS FROM `db_infoclass` [ RunTime:0.0060s ]
SQL: SELECT * FROM `db_infolist` WHERE ( id=1 ) LIMIT 1   [ RunTime:0.0000s ]
SQL: SELECT * FROM `db_infoclass` ORDER BY orderid asc  [ RunTime:0.0010s ]
INFO: [ view_parse ] --START--
INFO: [ template_filter ] --START--
INFO: Run Behavior\ContentReplaceBehavior [ RunTime:0.000000s ]
INFO: [ template_filter ] --END-- [ RunTime:0.000000s ]
INFO: Run Behavior\ParseTemplateBehavior [ RunTime:0.007000s ]
INFO: [ view_parse ] --END-- [ RunTime:0.007000s ]
INFO: [ view_filter ] --START--
INFO: Run Behavior\WriteHtmlCacheBehavior [ RunTime:0.001000s ]
INFO: [ view_filter ] --END-- [ RunTime:0.001000s ]
INFO: [ app_end ] --START--
INFO: Run Behavior\ShowPageTraceBehavior [ RunTime:0.000000s ]
INFO: [ app_end ] --END-- [ RunTime:0.000000s ]

[ 2017-03-01T15:52:57+08:00 ] 127.0.0.1 /myproject/index.php/Admin/Infolist/infolistUpdate/id/ajax_do.php?action=infoclass&id=5&row=
INFO: [ app_begin ] --START--
INFO: Run Behavior\ReadHtmlCacheBehavior [ RunTime:0.001000s ]
INFO: [ app_begin ] --END-- [ RunTime:0.002000s ]
SQL: SHOW COLUMNS FROM `db_infolist` [ RunTime:0.0050s ]
SQL: SHOW COLUMNS FROM `db_infoclass` [ RunTime:0.0070s ]
SQL: SELECT * FROM `db_infolist` WHERE ( id=5 ) LIMIT 1   [ RunTime:0.0010s ]
SQL: SELECT * FROM `db_infoclass` ORDER BY orderid asc  [ RunTime:0.0000s ]
INFO: [ view_parse ] --START--
INFO: [ template_filter ] --START--
INFO: Run Behavior\ContentReplaceBehavior [ RunTime:0.000000s ]
INFO: [ template_filter ] --END-- [ RunTime:0.000000s ]
INFO: Run Behavior\ParseTemplateBehavior [ RunTime:0.013000s ]
INFO: [ view_parse ] --END-- [ RunTime:0.013000s ]
INFO: [ view_filter ] --START--
INFO: Run Behavior\WriteHtmlCacheBehavior [ RunTime:0.000000s ]
INFO: [ view_filter ] --END-- [ RunTime:0.000000s ]
INFO: [ app_end ] --START--
INFO: Run Behavior\ShowPageTraceBehavior [ RunTime:0.002001s ]
INFO: [ app_end ] --END-- [ RunTime:0.002001s ]

[ 2017-03-01T15:52:58+08:00 ] 127.0.0.1 /myproject/index.php/Admin/Infolist/infolistUpdate/id/ajax_do.php?action=infoclass&id=5&row=
INFO: [ app_begin ] --START--
INFO: Run Behavior\ReadHtmlCacheBehavior [ RunTime:0.000000s ]
INFO: [ app_begin ] --END-- [ RunTime:0.001000s ]
SQL: SHOW COLUMNS FROM `db_infolist` [ RunTime:0.0060s ]
SQL: SHOW COLUMNS FROM `db_infoclass` [ RunTime:0.0050s ]
SQL: SELECT * FROM `db_infolist` WHERE ( id=5 ) LIMIT 1   [ RunTime:0.0010s ]
SQL: SELECT * FROM `db_infoclass` ORDER BY orderid asc  [ RunTime:0.0000s ]
INFO: [ view_parse ] --START--
INFO: [ template_filter ] --START--
INFO: Run Behavior\ContentReplaceBehavior [ RunTime:0.000000s ]
INFO: [ template_filter ] --END-- [ RunTime:0.000000s ]
INFO: Run Behavior\ParseTemplateBehavior [ RunTime:0.009000s ]
INFO: [ view_parse ] --END-- [ RunTime:0.009000s ]
INFO: [ view_filter ] --START--
INFO: Run Behavior\WriteHtmlCacheBehavior [ RunTime:0.000000s ]
INFO: [ view_filter ] --END-- [ RunTime:0.000000s ]
INFO: [ app_end ] --START--
INFO: Run Behavior\ShowPageTraceBehavior [ RunTime:0.003001s ]
INFO: [ app_end ] --END-- [ RunTime:0.003001s ]

[ 2017-03-01T15:52:59+08:00 ] 127.0.0.1 /myproject/index.php/Admin/Infolist/infolistUpdate/id/ajax_do.php?action=infoclass&id=8&row=
INFO: [ app_begin ] --START--
INFO: Run Behavior\ReadHtmlCacheBehavior [ RunTime:0.001000s ]
INFO: [ app_begin ] --END-- [ RunTime:0.001000s ]
SQL: SHOW COLUMNS FROM `db_infolist` [ RunTime:0.0060s ]
SQL: SHOW COLUMNS FROM `db_infoclass` [ RunTime:0.0040s ]
SQL: SELECT * FROM `db_infolist` WHERE ( id=8 ) LIMIT 1   [ RunTime:0.0000s ]
SQL: SELECT * FROM `db_infoclass` ORDER BY orderid asc  [ RunTime:0.0000s ]
INFO: [ view_parse ] --START--
INFO: [ template_filter ] --START--
INFO: Run Behavior\ContentReplaceBehavior [ RunTime:0.000000s ]
INFO: [ template_filter ] --END-- [ RunTime:0.000000s ]
INFO: Run Behavior\ParseTemplateBehavior [ RunTime:0.007000s ]
INFO: [ view_parse ] --END-- [ RunTime:0.007000s ]
INFO: [ view_filter ] --START--
INFO: Run Behavior\WriteHtmlCacheBehavior [ RunTime:0.001000s ]
INFO: [ view_filter ] --END-- [ RunTime:0.001000s ]
INFO: [ app_end ] --START--
INFO: Run Behavior\ShowPageTraceBehavior [ RunTime:0.001000s ]
INFO: [ app_end ] --END-- [ RunTime:0.001000s ]

[ 2017-03-01T15:53:00+08:00 ] 127.0.0.1 /myproject/index.php/Admin/Infolist/infolistUpdate/id/ajax_do.php?action=infoclass&id=8&row=
INFO: [ app_begin ] --START--
INFO: Run Behavior\ReadHtmlCacheBehavior [ RunTime:0.001000s ]
INFO: [ app_begin ] --END-- [ RunTime:0.001000s ]
SQL: SHOW COLUMNS FROM `db_infolist` [ RunTime:0.0060s ]
SQL: SHOW COLUMNS FROM `db_infoclass` [ RunTime:0.0050s ]
SQL: SELECT * FROM `db_infolist` WHERE ( id=8 ) LIMIT 1   [ RunTime:0.0010s ]
SQL: SELECT * FROM `db_infoclass` ORDER BY orderid asc  [ RunTime:0.0010s ]
INFO: [ view_parse ] --START--
INFO: [ template_filter ] --START--
INFO: Run Behavior\ContentReplaceBehavior [ RunTime:0.000000s ]
INFO: [ template_filter ] --END-- [ RunTime:0.000000s ]
INFO: Run Behavior\ParseTemplateBehavior [ RunTime:0.010000s ]
INFO: [ view_parse ] --END-- [ RunTime:0.010000s ]
INFO: [ view_filter ] --START--
INFO: Run Behavior\WriteHtmlCacheBehavior [ RunTime:0.000000s ]
INFO: [ view_filter ] --END-- [ RunTime:0.000000s ]
INFO: [ app_end ] --START--
INFO: Run Behavior\ShowPageTraceBehavior [ RunTime:0.001000s ]
INFO: [ app_end ] --END-- [ RunTime:0.001000s ]

[ 2017-03-01T15:53:00+08:00 ] 127.0.0.1 /myproject/index.php/Admin/Infolist/infolistUpdate/id/ajax_do.php?action=infoclass&id=8&row=
INFO: [ app_begin ] --START--
INFO: Run Behavior\ReadHtmlCacheBehavior [ RunTime:0.002000s ]
INFO: [ app_begin ] --END-- [ RunTime:0.002000s ]
SQL: SHOW COLUMNS FROM `db_infolist` [ RunTime:0.0090s ]
SQL: SHOW COLUMNS FROM `db_infoclass` [ RunTime:0.0090s ]
SQL: SELECT * FROM `db_infolist` WHERE ( id=8 ) LIMIT 1   [ RunTime:0.0010s ]
SQL: SELECT * FROM `db_infoclass` ORDER BY orderid asc  [ RunTime:0.0010s ]
INFO: [ view_parse ] --START--
INFO: [ template_filter ] --START--
INFO: Run Behavior\ContentReplaceBehavior [ RunTime:0.000000s ]
INFO: [ template_filter ] --END-- [ RunTime:0.000000s ]
INFO: Run Behavior\ParseTemplateBehavior [ RunTime:0.026002s ]
INFO: [ view_parse ] --END-- [ RunTime:0.026002s ]
INFO: [ view_filter ] --START--
INFO: Run Behavior\WriteHtmlCacheBehavior [ RunTime:0.000000s ]
INFO: [ view_filter ] --END-- [ RunTime:0.000000s ]
INFO: [ app_end ] --START--
INFO: Run Behavior\ShowPageTraceBehavior [ RunTime:0.001000s ]
INFO: [ app_end ] --END-- [ RunTime:0.001000s ]

[ 2017-03-01T15:53:00+08:00 ] 127.0.0.1 /myproject/index.php/Admin/Infolist/infolistUpdate/id/ajax_do.php?action=infoclass&id=8&row=
INFO: [ app_begin ] --START--
INFO: Run Behavior\ReadHtmlCacheBehavior [ RunTime:0.001000s ]
INFO: [ app_begin ] --END-- [ RunTime:0.001000s ]
SQL: SHOW COLUMNS FROM `db_infolist` [ RunTime:0.0100s ]
SQL: SHOW COLUMNS FROM `db_infoclass` [ RunTime:0.0060s ]
SQL: SELECT * FROM `db_infolist` WHERE ( id=8 ) LIMIT 1   [ RunTime:0.0000s ]
SQL: SELECT * FROM `db_infoclass` ORDER BY orderid asc  [ RunTime:0.0010s ]
INFO: [ view_parse ] --START--
INFO: [ template_filter ] --START--
INFO: Run Behavior\ContentReplaceBehavior [ RunTime:0.019001s ]
INFO: [ template_filter ] --END-- [ RunTime:0.019001s ]
INFO: Run Behavior\ParseTemplateBehavior [ RunTime:0.051003s ]
INFO: [ view_parse ] --END-- [ RunTime:0.051003s ]
INFO: [ view_filter ] --START--
INFO: Run Behavior\WriteHtmlCacheBehavior [ RunTime:0.001000s ]
INFO: [ view_filter ] --END-- [ RunTime:0.001000s ]
INFO: [ app_end ] --START--
INFO: Run Behavior\ShowPageTraceBehavior [ RunTime:0.001000s ]
INFO: [ app_end ] --END-- [ RunTime:0.001000s ]

[ 2017-03-01T15:53:01+08:00 ] 127.0.0.1 /myproject/index.php/Admin/Infolist/infolistUpdate/id/ajax_do.php?action=infoclass&id=9&row=
INFO: [ app_begin ] --START--
INFO: Run Behavior\ReadHtmlCacheBehavior [ RunTime:0.000000s ]
INFO: [ app_begin ] --END-- [ RunTime:0.001000s ]
SQL: SHOW COLUMNS FROM `db_infolist` [ RunTime:0.0040s ]
SQL: SHOW COLUMNS FROM `db_infoclass` [ RunTime:0.0040s ]
SQL: SELECT * FROM `db_infolist` WHERE ( id=9 ) LIMIT 1   [ RunTime:0.0000s ]
SQL: SELECT * FROM `db_infoclass` ORDER BY orderid asc  [ RunTime:0.0010s ]
INFO: [ view_parse ] --START--
INFO: [ template_filter ] --START--
INFO: Run Behavior\ContentReplaceBehavior [ RunTime:0.000000s ]
INFO: [ template_filter ] --END-- [ RunTime:0.000000s ]
INFO: Run Behavior\ParseTemplateBehavior [ RunTime:0.010001s ]
INFO: [ view_parse ] --END-- [ RunTime:0.010001s ]
INFO: [ view_filter ] --START--
INFO: Run Behavior\WriteHtmlCacheBehavior [ RunTime:0.001000s ]
INFO: [ view_filter ] --END-- [ RunTime:0.001000s ]
INFO: [ app_end ] --START--
INFO: Run Behavior\ShowPageTraceBehavior [ RunTime:0.001000s ]
INFO: [ app_end ] --END-- [ RunTime:0.001000s ]

[ 2017-03-01T15:53:01+08:00 ] 127.0.0.1 /myproject/index.php/Admin/Infolist/infolistUpdate/id/ajax_do.php?action=infoclass&id=9&row=
INFO: [ app_begin ] --START--
INFO: Run Behavior\ReadHtmlCacheBehavior [ RunTime:0.001000s ]
INFO: [ app_begin ] --END-- [ RunTime:0.002000s ]
SQL: SHOW COLUMNS FROM `db_infolist` [ RunTime:0.0070s ]
SQL: SHOW COLUMNS FROM `db_infoclass` [ RunTime:0.0060s ]
SQL: SELECT * FROM `db_infolist` WHERE ( id=9 ) LIMIT 1   [ RunTime:0.0000s ]
SQL: SELECT * FROM `db_infoclass` ORDER BY orderid asc  [ RunTime:0.0010s ]
INFO: [ view_parse ] --START--
INFO: [ template_filter ] --START--
INFO: Run Behavior\ContentReplaceBehavior [ RunTime:0.000000s ]
INFO: [ template_filter ] --END-- [ RunTime:0.000000s ]
INFO: Run Behavior\ParseTemplateBehavior [ RunTime:0.019001s ]
INFO: [ view_parse ] --END-- [ RunTime:0.019001s ]
INFO: [ view_filter ] --START--
INFO: Run Behavior\WriteHtmlCacheBehavior [ RunTime:0.026001s ]
INFO: [ view_filter ] --END-- [ RunTime:0.026001s ]
INFO: [ app_end ] --START--
INFO: Run Behavior\ShowPageTraceBehavior [ RunTime:0.001001s ]
INFO: [ app_end ] --END-- [ RunTime:0.001001s ]

[ 2017-03-01T15:53:01+08:00 ] 127.0.0.1 /myproject/index.php/Admin/Infolist/infolistUpdate/id/ajax_do.php?action=infoclass&id=9&row=
INFO: [ app_begin ] --START--
INFO: Run Behavior\ReadHtmlCacheBehavior [ RunTime:0.001000s ]
INFO: [ app_begin ] --END-- [ RunTime:0.001000s ]
SQL: SHOW COLUMNS FROM `db_infolist` [ RunTime:0.0090s ]
SQL: SHOW COLUMNS FROM `db_infoclass` [ RunTime:0.0060s ]
SQL: SELECT * FROM `db_infolist` WHERE ( id=9 ) LIMIT 1   [ RunTime:0.0000s ]
SQL: SELECT * FROM `db_infoclass` ORDER BY orderid asc  [ RunTime:0.0010s ]
INFO: [ view_parse ] --START--
INFO: [ template_filter ] --START--
INFO: Run Behavior\ContentReplaceBehavior [ RunTime:0.000000s ]
INFO: [ template_filter ] --END-- [ RunTime:0.000000s ]
INFO: Run Behavior\ParseTemplateBehavior [ RunTime:0.010001s ]
INFO: [ view_parse ] --END-- [ RunTime:0.010001s ]
INFO: [ view_filter ] --START--
INFO: Run Behavior\WriteHtmlCacheBehavior [ RunTime:0.000000s ]
INFO: [ view_filter ] --END-- [ RunTime:0.000000s ]
INFO: [ app_end ] --START--
INFO: Run Behavior\ShowPageTraceBehavior [ RunTime:0.001000s ]
INFO: [ app_end ] --END-- [ RunTime:0.001000s ]

[ 2017-03-01T15:53:01+08:00 ] 127.0.0.1 /myproject/index.php/Admin/Infolist/infolistUpdate/id/ajax_do.php?action=infoclass&id=9&row=
INFO: [ app_begin ] --START--
INFO: Run Behavior\ReadHtmlCacheBehavior [ RunTime:0.001000s ]
INFO: [ app_begin ] --END-- [ RunTime:0.001000s ]
SQL: SHOW COLUMNS FROM `db_infolist` [ RunTime:0.0150s ]
SQL: SHOW COLUMNS FROM `db_infoclass` [ RunTime:0.0050s ]
SQL: SELECT * FROM `db_infolist` WHERE ( id=9 ) LIMIT 1   [ RunTime:0.0010s ]
SQL: SELECT * FROM `db_infoclass` ORDER BY orderid asc  [ RunTime:0.0000s ]
INFO: [ view_parse ] --START--
INFO: [ template_filter ] --START--
INFO: Run Behavior\ContentReplaceBehavior [ RunTime:0.001000s ]
INFO: [ template_filter ] --END-- [ RunTime:0.001000s ]
INFO: Run Behavior\ParseTemplateBehavior [ RunTime:0.016001s ]
INFO: [ view_parse ] --END-- [ RunTime:0.016001s ]
INFO: [ view_filter ] --START--
INFO: Run Behavior\WriteHtmlCacheBehavior [ RunTime:0.001000s ]
INFO: [ view_filter ] --END-- [ RunTime:0.001000s ]
INFO: [ app_end ] --START--
INFO: Run Behavior\ShowPageTraceBehavior [ RunTime:0.001000s ]
INFO: [ app_end ] --END-- [ RunTime:0.001000s ]

[ 2017-03-01T15:53:02+08:00 ] 127.0.0.1 /myproject/index.php/Admin/Infolist/infolistUpdate/id/ajax_do.php?action=infoclass&id=9&row=
INFO: [ app_begin ] --START--
INFO: Run Behavior\ReadHtmlCacheBehavior [ RunTime:0.001000s ]
INFO: [ app_begin ] --END-- [ RunTime:0.001000s ]
SQL: SHOW COLUMNS FROM `db_infolist` [ RunTime:0.0060s ]
SQL: SHOW COLUMNS FROM `db_infoclass` [ RunTime:0.0120s ]
SQL: SELECT * FROM `db_infolist` WHERE ( id=9 ) LIMIT 1   [ RunTime:0.0010s ]
SQL: SELECT * FROM `db_infoclass` ORDER BY orderid asc  [ RunTime:0.0010s ]
INFO: [ view_parse ] --START--
INFO: [ template_filter ] --START--
INFO: Run Behavior\ContentReplaceBehavior [ RunTime:0.000000s ]
INFO: [ template_filter ] --END-- [ RunTime:0.000000s ]
INFO: Run Behavior\ParseTemplateBehavior [ RunTime:0.016001s ]
INFO: [ view_parse ] --END-- [ RunTime:0.016001s ]
INFO: [ view_filter ] --START--
INFO: Run Behavior\WriteHtmlCacheBehavior [ RunTime:0.000000s ]
INFO: [ view_filter ] --END-- [ RunTime:0.000000s ]
INFO: [ app_end ] --START--
INFO: Run Behavior\ShowPageTraceBehavior [ RunTime:0.000000s ]
INFO: [ app_end ] --END-- [ RunTime:0.000000s ]

[ 2017-03-01T15:53:02+08:00 ] 127.0.0.1 /myproject/index.php/Admin/Infolist/infolistUpdate/id/ajax_do.php?action=infoclass&id=9&row=
INFO: [ app_begin ] --START--
INFO: Run Behavior\ReadHtmlCacheBehavior [ RunTime:0.001000s ]
INFO: [ app_begin ] --END-- [ RunTime:0.001000s ]
SQL: SHOW COLUMNS FROM `db_infolist` [ RunTime:0.0050s ]
SQL: SHOW COLUMNS FROM `db_infoclass` [ RunTime:0.0050s ]
SQL: SELECT * FROM `db_infolist` WHERE ( id=9 ) LIMIT 1   [ RunTime:0.0050s ]
SQL: SELECT * FROM `db_infoclass` ORDER BY orderid asc  [ RunTime:0.0000s ]
INFO: [ view_parse ] --START--
INFO: [ template_filter ] --START--
INFO: Run Behavior\ContentReplaceBehavior [ RunTime:0.001000s ]
INFO: [ template_filter ] --END-- [ RunTime:0.001000s ]
INFO: Run Behavior\ParseTemplateBehavior [ RunTime:0.010000s ]
INFO: [ view_parse ] --END-- [ RunTime:0.010000s ]
INFO: [ view_filter ] --START--
INFO: Run Behavior\WriteHtmlCacheBehavior [ RunTime:0.000000s ]
INFO: [ view_filter ] --END-- [ RunTime:0.000000s ]
INFO: [ app_end ] --START--
INFO: Run Behavior\ShowPageTraceBehavior [ RunTime:0.001000s ]
INFO: [ app_end ] --END-- [ RunTime:0.001000s ]

[ 2017-03-01T15:53:02+08:00 ] 127.0.0.1 /myproject/index.php/Admin/Infolist/infolistUpdate/id/ajax_do.php?action=infoclass&id=9&row=
INFO: [ app_begin ] --START--
INFO: Run Behavior\ReadHtmlCacheBehavior [ RunTime:0.001000s ]
INFO: [ app_begin ] --END-- [ RunTime:0.001000s ]
SQL: SHOW COLUMNS FROM `db_infolist` [ RunTime:0.0070s ]
SQL: SHOW COLUMNS FROM `db_infoclass` [ RunTime:0.0050s ]
SQL: SELECT * FROM `db_infolist` WHERE ( id=9 ) LIMIT 1   [ RunTime:0.0010s ]
SQL: SELECT * FROM `db_infoclass` ORDER BY orderid asc  [ RunTime:0.0000s ]
INFO: [ view_parse ] --START--
INFO: [ template_filter ] --START--
INFO: Run Behavior\ContentReplaceBehavior [ RunTime:0.000000s ]
INFO: [ template_filter ] --END-- [ RunTime:0.000000s ]
INFO: Run Behavior\ParseTemplateBehavior [ RunTime:0.015001s ]
INFO: [ view_parse ] --END-- [ RunTime:0.016001s ]
INFO: [ view_filter ] --START--
INFO: Run Behavior\WriteHtmlCacheBehavior [ RunTime:0.001000s ]
INFO: [ view_filter ] --END-- [ RunTime:0.001000s ]
INFO: [ app_end ] --START--
INFO: Run Behavior\ShowPageTraceBehavior [ RunTime:0.000000s ]
INFO: [ app_end ] --END-- [ RunTime:0.000000s ]

[ 2017-03-01T15:53:02+08:00 ] 127.0.0.1 /myproject/index.php/Admin/Infolist/infolistUpdate/id/ajax_do.php?action=infoclass&id=9&row=
INFO: [ app_begin ] --START--
INFO: Run Behavior\ReadHtmlCacheBehavior [ RunTime:0.000000s ]
INFO: [ app_begin ] --END-- [ RunTime:0.004000s ]
SQL: SHOW COLUMNS FROM `db_infolist` [ RunTime:0.0060s ]
SQL: SHOW COLUMNS FROM `db_infoclass` [ RunTime:0.0050s ]
SQL: SELECT * FROM `db_infolist` WHERE ( id=9 ) LIMIT 1   [ RunTime:0.0000s ]
SQL: SELECT * FROM `db_infoclass` ORDER BY orderid asc  [ RunTime:0.0010s ]
INFO: [ view_parse ] --START--
INFO: [ template_filter ] --START--
INFO: Run Behavior\ContentReplaceBehavior [ RunTime:0.000000s ]
INFO: [ template_filter ] --END-- [ RunTime:0.000000s ]
INFO: Run Behavior\ParseTemplateBehavior [ RunTime:0.025002s ]
INFO: [ view_parse ] --END-- [ RunTime:0.025002s ]
INFO: [ view_filter ] --START--
INFO: Run Behavior\WriteHtmlCacheBehavior [ RunTime:0.000000s ]
INFO: [ view_filter ] --END-- [ RunTime:0.000000s ]
INFO: [ app_end ] --START--
INFO: Run Behavior\ShowPageTraceBehavior [ RunTime:0.001000s ]
INFO: [ app_end ] --END-- [ RunTime:0.001000s ]

[ 2017-03-01T15:53:04+08:00 ] 127.0.0.1 /myproject/index.php/Admin/Infolist/infolistUpdate/id/ajax_do.php?action=infoclass&id=17&row=
INFO: [ app_begin ] --START--
INFO: Run Behavior\ReadHtmlCacheBehavior [ RunTime:0.002000s ]
INFO: [ app_begin ] --END-- [ RunTime:0.003000s ]
SQL: SHOW COLUMNS FROM `db_infolist` [ RunTime:0.0060s ]
SQL: SHOW COLUMNS FROM `db_infoclass` [ RunTime:0.0080s ]
SQL: SELECT * FROM `db_infolist` WHERE ( id=17 ) LIMIT 1   [ RunTime:0.0020s ]
SQL: SELECT * FROM `db_infoclass` ORDER BY orderid asc  [ RunTime:0.0010s ]
INFO: [ view_parse ] --START--
INFO: [ template_filter ] --START--
INFO: Run Behavior\ContentReplaceBehavior [ RunTime:0.000000s ]
INFO: [ template_filter ] --END-- [ RunTime:0.000000s ]
INFO: Run Behavior\ParseTemplateBehavior [ RunTime:0.011001s ]
INFO: [ view_parse ] --END-- [ RunTime:0.011001s ]
INFO: [ view_filter ] --START--
INFO: Run Behavior\WriteHtmlCacheBehavior [ RunTime:0.000000s ]
INFO: [ view_filter ] --END-- [ RunTime:0.000000s ]
INFO: [ app_end ] --START--
INFO: Run Behavior\ShowPageTraceBehavior [ RunTime:0.000000s ]
INFO: [ app_end ] --END-- [ RunTime:0.000000s ]

[ 2017-03-01T15:53:05+08:00 ] 127.0.0.1 /myproject/index.php/Admin/Infolist/infolistUpdate/id/ajax_do.php?action=infoclass&id=17&row=
INFO: [ app_begin ] --START--
INFO: Run Behavior\ReadHtmlCacheBehavior [ RunTime:0.002000s ]
INFO: [ app_begin ] --END-- [ RunTime:0.002000s ]
SQL: SHOW COLUMNS FROM `db_infolist` [ RunTime:0.0060s ]
SQL: SHOW COLUMNS FROM `db_infoclass` [ RunTime:0.0060s ]
SQL: SELECT * FROM `db_infolist` WHERE ( id=17 ) LIMIT 1   [ RunTime:0.0000s ]
SQL: SELECT * FROM `db_infoclass` ORDER BY orderid asc  [ RunTime:0.0000s ]
INFO: [ view_parse ] --START--
INFO: [ template_filter ] --START--
INFO: Run Behavior\ContentReplaceBehavior [ RunTime:0.000000s ]
INFO: [ template_filter ] --END-- [ RunTime:0.000000s ]
INFO: Run Behavior\ParseTemplateBehavior [ RunTime:0.009000s ]
INFO: [ view_parse ] --END-- [ RunTime:0.009000s ]
INFO: [ view_filter ] --START--
INFO: Run Behavior\WriteHtmlCacheBehavior [ RunTime:0.001000s ]
INFO: [ view_filter ] --END-- [ RunTime:0.001000s ]
INFO: [ app_end ] --START--
INFO: Run Behavior\ShowPageTraceBehavior [ RunTime:0.001000s ]
INFO: [ app_end ] --END-- [ RunTime:0.001000s ]

[ 2017-03-01T15:53:05+08:00 ] 127.0.0.1 /myproject/index.php/Admin/Infolist/infolistUpdate/id/ajax_do.php?action=infoclass&id=17&row=
INFO: [ app_begin ] --START--
INFO: Run Behavior\ReadHtmlCacheBehavior [ RunTime:0.000000s ]
INFO: [ app_begin ] --END-- [ RunTime:0.001000s ]
SQL: SHOW COLUMNS FROM `db_infolist` [ RunTime:0.0060s ]
SQL: SHOW COLUMNS FROM `db_infoclass` [ RunTime:0.0090s ]
SQL: SELECT * FROM `db_infolist` WHERE ( id=17 ) LIMIT 1   [ RunTime:0.0010s ]
SQL: SELECT * FROM `db_infoclass` ORDER BY orderid asc  [ RunTime:0.0000s ]
INFO: [ view_parse ] --START--
INFO: [ template_filter ] --START--
INFO: Run Behavior\ContentReplaceBehavior [ RunTime:0.000000s ]
INFO: [ template_filter ] --END-- [ RunTime:0.000000s ]
INFO: Run Behavior\ParseTemplateBehavior [ RunTime:0.012000s ]
INFO: [ view_parse ] --END-- [ RunTime:0.012000s ]
INFO: [ view_filter ] --START--
INFO: Run Behavior\WriteHtmlCacheBehavior [ RunTime:0.000000s ]
INFO: [ view_filter ] --END-- [ RunTime:0.000000s ]
INFO: [ app_end ] --START--
INFO: Run Behavior\ShowPageTraceBehavior [ RunTime:0.000000s ]
INFO: [ app_end ] --END-- [ RunTime:0.001001s ]

[ 2017-03-01T15:53:05+08:00 ] 127.0.0.1 /myproject/index.php/Admin/Infolist/infolistUpdate/id/ajax_do.php?action=infoclass&id=17&row=
INFO: [ app_begin ] --START--
INFO: Run Behavior\ReadHtmlCacheBehavior [ RunTime:0.001000s ]
INFO: [ app_begin ] --END-- [ RunTime:0.001000s ]
SQL: SHOW COLUMNS FROM `db_infolist` [ RunTime:0.0060s ]
SQL: SHOW COLUMNS FROM `db_infoclass` [ RunTime:0.0050s ]
SQL: SELECT * FROM `db_infolist` WHERE ( id=17 ) LIMIT 1   [ RunTime:0.0010s ]
SQL: SELECT * FROM `db_infoclass` ORDER BY orderid asc  [ RunTime:0.0010s ]
INFO: [ view_parse ] --START--
INFO: [ template_filter ] --START--
INFO: Run Behavior\ContentReplaceBehavior [ RunTime:0.000000s ]
INFO: [ template_filter ] --END-- [ RunTime:0.000000s ]
INFO: Run Behavior\ParseTemplateBehavior [ RunTime:0.010001s ]
INFO: [ view_parse ] --END-- [ RunTime:0.010001s ]
INFO: [ view_filter ] --START--
INFO: Run Behavior\WriteHtmlCacheBehavior [ RunTime:0.000000s ]
INFO: [ view_filter ] --END-- [ RunTime:0.000000s ]
INFO: [ app_end ] --START--
INFO: Run Behavior\ShowPageTraceBehavior [ RunTime:0.000000s ]
INFO: [ app_end ] --END-- [ RunTime:0.000000s ]

[ 2017-03-01T15:53:05+08:00 ] 127.0.0.1 /myproject/index.php/Admin/Infolist/infolistUpdate/id/ajax_do.php?action=infoclass&id=17&row=
INFO: [ app_begin ] --START--
INFO: Run Behavior\ReadHtmlCacheBehavior [ RunTime:0.001000s ]
INFO: [ app_begin ] --END-- [ RunTime:0.001000s ]
SQL: SHOW COLUMNS FROM `db_infolist` [ RunTime:0.0110s ]
SQL: SHOW COLUMNS FROM `db_infoclass` [ RunTime:0.0050s ]
SQL: SELECT * FROM `db_infolist` WHERE ( id=17 ) LIMIT 1   [ RunTime:0.0000s ]
SQL: SELECT * FROM `db_infoclass` ORDER BY orderid asc  [ RunTime:0.0000s ]
INFO: [ view_parse ] --START--
INFO: [ template_filter ] --START--
INFO: Run Behavior\ContentReplaceBehavior [ RunTime:0.000000s ]
INFO: [ template_filter ] --END-- [ RunTime:0.000000s ]
INFO: Run Behavior\ParseTemplateBehavior [ RunTime:0.011001s ]
INFO: [ view_parse ] --END-- [ RunTime:0.011001s ]
INFO: [ view_filter ] --START--
INFO: Run Behavior\WriteHtmlCacheBehavior [ RunTime:0.001000s ]
INFO: [ view_filter ] --END-- [ RunTime:0.001000s ]
INFO: [ app_end ] --START--
INFO: Run Behavior\ShowPageTraceBehavior [ RunTime:0.001000s ]
INFO: [ app_end ] --END-- [ RunTime:0.001000s ]

[ 2017-03-01T15:53:05+08:00 ] 127.0.0.1 /myproject/index.php/Admin/Infolist/infolistUpdate/id/ajax_do.php?action=infoclass&id=17&row=
INFO: [ app_begin ] --START--
INFO: Run Behavior\ReadHtmlCacheBehavior [ RunTime:0.001000s ]
INFO: [ app_begin ] --END-- [ RunTime:0.001000s ]
SQL: SHOW COLUMNS FROM `db_infolist` [ RunTime:0.0050s ]
SQL: SHOW COLUMNS FROM `db_infoclass` [ RunTime:0.0070s ]
SQL: SELECT * FROM `db_infolist` WHERE ( id=17 ) LIMIT 1   [ RunTime:0.0010s ]
SQL: SELECT * FROM `db_infoclass` ORDER BY orderid asc  [ RunTime:0.0000s ]
INFO: [ view_parse ] --START--
INFO: [ template_filter ] --START--
INFO: Run Behavior\ContentReplaceBehavior [ RunTime:0.000000s ]
INFO: [ template_filter ] --END-- [ RunTime:0.000000s ]
INFO: Run Behavior\ParseTemplateBehavior [ RunTime:0.016001s ]
INFO: [ view_parse ] --END-- [ RunTime:0.016001s ]
INFO: [ view_filter ] --START--
INFO: Run Behavior\WriteHtmlCacheBehavior [ RunTime:0.001000s ]
INFO: [ view_filter ] --END-- [ RunTime:0.001000s ]
INFO: [ app_end ] --START--
INFO: Run Behavior\ShowPageTraceBehavior [ RunTime:0.003000s ]
INFO: [ app_end ] --END-- [ RunTime:0.003000s ]

[ 2017-03-01T15:53:05+08:00 ] 127.0.0.1 /myproject/index.php/Admin/Infolist/infolistUpdate/id/ajax_do.php?action=infoclass&id=17&row=
INFO: [ app_begin ] --START--
INFO: Run Behavior\ReadHtmlCacheBehavior [ RunTime:0.000000s ]
INFO: [ app_begin ] --END-- [ RunTime:0.001000s ]
SQL: SHOW COLUMNS FROM `db_infolist` [ RunTime:0.0090s ]
SQL: SHOW COLUMNS FROM `db_infoclass` [ RunTime:0.0050s ]
SQL: SELECT * FROM `db_infolist` WHERE ( id=17 ) LIMIT 1   [ RunTime:0.0010s ]
SQL: SELECT * FROM `db_infoclass` ORDER BY orderid asc  [ RunTime:0.0090s ]
INFO: [ view_parse ] --START--
INFO: [ template_filter ] --START--
INFO: Run Behavior\ContentReplaceBehavior [ RunTime:0.000000s ]
INFO: [ template_filter ] --END-- [ RunTime:0.000000s ]
INFO: Run Behavior\ParseTemplateBehavior [ RunTime:0.019001s ]
INFO: [ view_parse ] --END-- [ RunTime:0.019001s ]
INFO: [ view_filter ] --START--
INFO: Run Behavior\WriteHtmlCacheBehavior [ RunTime:0.000000s ]
INFO: [ view_filter ] --END-- [ RunTime:0.000000s ]
INFO: [ app_end ] --START--
INFO: Run Behavior\ShowPageTraceBehavior [ RunTime:0.000000s ]
INFO: [ app_end ] --END-- [ RunTime:0.001000s ]

[ 2017-03-01T15:53:05+08:00 ] 127.0.0.1 /myproject/index.php/Admin/Infolist/infolistUpdate/id/ajax_do.php?action=infoclass&id=17&row=
INFO: [ app_begin ] --START--
INFO: Run Behavior\ReadHtmlCacheBehavior [ RunTime:0.001000s ]
INFO: [ app_begin ] --END-- [ RunTime:0.001000s ]
SQL: SHOW COLUMNS FROM `db_infolist` [ RunTime:0.0070s ]
SQL: SHOW COLUMNS FROM `db_infoclass` [ RunTime:0.0050s ]
SQL: SELECT * FROM `db_infolist` WHERE ( id=17 ) LIMIT 1   [ RunTime:0.0000s ]
SQL: SELECT * FROM `db_infoclass` ORDER BY orderid asc  [ RunTime:0.0000s ]
INFO: [ view_parse ] --START--
INFO: [ template_filter ] --START--
INFO: Run Behavior\ContentReplaceBehavior [ RunTime:0.000000s ]
INFO: [ template_filter ] --END-- [ RunTime:0.000000s ]
INFO: Run Behavior\ParseTemplateBehavior [ RunTime:0.010000s ]
INFO: [ view_parse ] --END-- [ RunTime:0.010000s ]
INFO: [ view_filter ] --START--
INFO: Run Behavior\WriteHtmlCacheBehavior [ RunTime:0.000000s ]
INFO: [ view_filter ] --END-- [ RunTime:0.000000s ]
INFO: [ app_end ] --START--
INFO: Run Behavior\ShowPageTraceBehavior [ RunTime:0.001000s ]
INFO: [ app_end ] --END-- [ RunTime:0.001000s ]

[ 2017-03-01T15:53:05+08:00 ] 127.0.0.1 /myproject/index.php/Admin/Infolist/infolistUpdate/id/ajax_do.php?action=infoclass&id=17&row=
INFO: [ app_begin ] --START--
INFO: Run Behavior\ReadHtmlCacheBehavior [ RunTime:0.000000s ]
INFO: [ app_begin ] --END-- [ RunTime:0.001000s ]
SQL: SHOW COLUMNS FROM `db_infolist` [ RunTime:0.0060s ]
SQL: SHOW COLUMNS FROM `db_infoclass` [ RunTime:0.0070s ]
SQL: SELECT * FROM `db_infolist` WHERE ( id=17 ) LIMIT 1   [ RunTime:0.0010s ]
SQL: SELECT * FROM `db_infoclass` ORDER BY orderid asc  [ RunTime:0.0000s ]
INFO: [ view_parse ] --START--
INFO: [ template_filter ] --START--
INFO: Run Behavior\ContentReplaceBehavior [ RunTime:0.000000s ]
INFO: [ template_filter ] --END-- [ RunTime:0.000000s ]
INFO: Run Behavior\ParseTemplateBehavior [ RunTime:0.011000s ]
INFO: [ view_parse ] --END-- [ RunTime:0.011000s ]
INFO: [ view_filter ] --START--
INFO: Run Behavior\WriteHtmlCacheBehavior [ RunTime:0.000000s ]
INFO: [ view_filter ] --END-- [ RunTime:0.000000s ]
INFO: [ app_end ] --START--
INFO: Run Behavior\ShowPageTraceBehavior [ RunTime:0.000000s ]
INFO: [ app_end ] --END-- [ RunTime:0.000000s ]

[ 2017-03-01T15:53:05+08:00 ] 127.0.0.1 /myproject/index.php/Admin/Infolist/infolistUpdate/id/ajax_do.php?action=infoclass&id=17&row=
INFO: [ app_begin ] --START--
INFO: Run Behavior\ReadHtmlCacheBehavior [ RunTime:0.000000s ]
INFO: [ app_begin ] --END-- [ RunTime:0.001000s ]
SQL: SHOW COLUMNS FROM `db_infolist` [ RunTime:0.0070s ]
SQL: SHOW COLUMNS FROM `db_infoclass` [ RunTime:0.0050s ]
SQL: SELECT * FROM `db_infolist` WHERE ( id=17 ) LIMIT 1   [ RunTime:0.0000s ]
SQL: SELECT * FROM `db_infoclass` ORDER BY orderid asc  [ RunTime:0.0010s ]
INFO: [ view_parse ] --START--
INFO: [ template_filter ] --START--
INFO: Run Behavior\ContentReplaceBehavior [ RunTime:0.000000s ]
INFO: [ template_filter ] --END-- [ RunTime:0.000000s ]
INFO: Run Behavior\ParseTemplateBehavior [ RunTime:0.013000s ]
INFO: [ view_parse ] --END-- [ RunTime:0.013000s ]
INFO: [ view_filter ] --START--
INFO: Run Behavior\WriteHtmlCacheBehavior [ RunTime:0.001000s ]
INFO: [ view_filter ] --END-- [ RunTime:0.001000s ]
INFO: [ app_end ] --START--
INFO: Run Behavior\ShowPageTraceBehavior [ RunTime:0.001000s ]
INFO: [ app_end ] --END-- [ RunTime:0.001000s ]

[ 2017-03-01T15:53:05+08:00 ] 127.0.0.1 /myproject/index.php/Admin/Infolist/infolistUpdate/id/ajax_do.php?action=infoclass&id=17&row=
INFO: [ app_begin ] --START--
INFO: Run Behavior\ReadHtmlCacheBehavior [ RunTime:0.000000s ]
INFO: [ app_begin ] --END-- [ RunTime:0.001000s ]
SQL: SHOW COLUMNS FROM `db_infolist` [ RunTime:0.0060s ]
SQL: SHOW COLUMNS FROM `db_infoclass` [ RunTime:0.0060s ]
SQL: SELECT * FROM `db_infolist` WHERE ( id=17 ) LIMIT 1   [ RunTime:0.0010s ]
SQL: SELECT * FROM `db_infoclass` ORDER BY orderid asc  [ RunTime:0.0000s ]
INFO: [ view_parse ] --START--
INFO: [ template_filter ] --START--
INFO: Run Behavior\ContentReplaceBehavior [ RunTime:0.000000s ]
INFO: [ template_filter ] --END-- [ RunTime:0.000000s ]
INFO: Run Behavior\ParseTemplateBehavior [ RunTime:0.011001s ]
INFO: [ view_parse ] --END-- [ RunTime:0.011001s ]
INFO: [ view_filter ] --START--
INFO: Run Behavior\WriteHtmlCacheBehavior [ RunTime:0.000000s ]
INFO: [ view_filter ] --END-- [ RunTime:0.000000s ]
INFO: [ app_end ] --START--
INFO: Run Behavior\ShowPageTraceBehavior [ RunTime:0.001000s ]
INFO: [ app_end ] --END-- [ RunTime:0.001000s ]

[ 2017-03-01T15:53:05+08:00 ] 127.0.0.1 /myproject/index.php/Admin/Infolist/infolistUpdate/id/ajax_do.php?action=infoclass&id=17&row=
INFO: [ app_begin ] --START--
INFO: Run Behavior\ReadHtmlCacheBehavior [ RunTime:0.000000s ]
INFO: [ app_begin ] --END-- [ RunTime:0.001000s ]
SQL: SHOW COLUMNS FROM `db_infolist` [ RunTime:0.0070s ]
SQL: SHOW COLUMNS FROM `db_infoclass` [ RunTime:0.0050s ]
SQL: SELECT * FROM `db_infolist` WHERE ( id=17 ) LIMIT 1   [ RunTime:0.0000s ]
SQL: SELECT * FROM `db_infoclass` ORDER BY orderid asc  [ RunTime:0.0010s ]
INFO: [ view_parse ] --START--
INFO: [ template_filter ] --START--
INFO: Run Behavior\ContentReplaceBehavior [ RunTime:0.000000s ]
INFO: [ template_filter ] --END-- [ RunTime:0.000000s ]
INFO: Run Behavior\ParseTemplateBehavior [ RunTime:0.011000s ]
INFO: [ view_parse ] --END-- [ RunTime:0.011000s ]
INFO: [ view_filter ] --START--
INFO: Run Behavior\WriteHtmlCacheBehavior [ RunTime:0.001000s ]
INFO: [ view_filter ] --END-- [ RunTime:0.001000s ]
INFO: [ app_end ] --START--
INFO: Run Behavior\ShowPageTraceBehavior [ RunTime:0.001000s ]
INFO: [ app_end ] --END-- [ RunTime:0.001000s ]

[ 2017-03-01T15:53:05+08:00 ] 127.0.0.1 /myproject/index.php/Admin/Infolist/infolistUpdate/id/ajax_do.php?action=infoclass&id=17&row=
INFO: [ app_begin ] --START--
INFO: Run Behavior\ReadHtmlCacheBehavior [ RunTime:0.000000s ]
INFO: [ app_begin ] --END-- [ RunTime:0.001000s ]
SQL: SHOW COLUMNS FROM `db_infolist` [ RunTime:0.0180s ]
SQL: SHOW COLUMNS FROM `db_infoclass` [ RunTime:0.0100s ]
SQL: SELECT * FROM `db_infolist` WHERE ( id=17 ) LIMIT 1   [ RunTime:0.0010s ]
SQL: SELECT * FROM `db_infoclass` ORDER BY orderid asc  [ RunTime:0.0000s ]
INFO: [ view_parse ] --START--
INFO: [ template_filter ] --START--
INFO: Run Behavior\ContentReplaceBehavior [ RunTime:0.000000s ]
INFO: [ template_filter ] --END-- [ RunTime:0.000000s ]
INFO: Run Behavior\ParseTemplateBehavior [ RunTime:0.012000s ]
INFO: [ view_parse ] --END-- [ RunTime:0.012000s ]
INFO: [ view_filter ] --START--
INFO: Run Behavior\WriteHtmlCacheBehavior [ RunTime:0.001000s ]
INFO: [ view_filter ] --END-- [ RunTime:0.001000s ]
INFO: [ app_end ] --START--
INFO: Run Behavior\ShowPageTraceBehavior [ RunTime:0.001000s ]
INFO: [ app_end ] --END-- [ RunTime:0.001000s ]

[ 2017-03-01T15:53:06+08:00 ] 127.0.0.1 /myproject/index.php/Admin/Infolist/infolistUpdate/id/ajax_do.php?action=infoclass&id=17&row=
INFO: [ app_begin ] --START--
INFO: Run Behavior\ReadHtmlCacheBehavior [ RunTime:0.000000s ]
INFO: [ app_begin ] --END-- [ RunTime:0.001000s ]
SQL: SHOW COLUMNS FROM `db_infolist` [ RunTime:0.0050s ]
SQL: SHOW COLUMNS FROM `db_infoclass` [ RunTime:0.0050s ]
SQL: SELECT * FROM `db_infolist` WHERE ( id=17 ) LIMIT 1   [ RunTime:0.0000s ]
SQL: SELECT * FROM `db_infoclass` ORDER BY orderid asc  [ RunTime:0.0010s ]
INFO: [ view_parse ] --START--
INFO: [ template_filter ] --START--
INFO: Run Behavior\ContentReplaceBehavior [ RunTime:0.000000s ]
INFO: [ template_filter ] --END-- [ RunTime:0.000000s ]
INFO: Run Behavior\ParseTemplateBehavior [ RunTime:0.011001s ]
INFO: [ view_parse ] --END-- [ RunTime:0.011001s ]
INFO: [ view_filter ] --START--
INFO: Run Behavior\WriteHtmlCacheBehavior [ RunTime:0.000000s ]
INFO: [ view_filter ] --END-- [ RunTime:0.000000s ]
INFO: [ app_end ] --START--
INFO: Run Behavior\ShowPageTraceBehavior [ RunTime:0.001000s ]
INFO: [ app_end ] --END-- [ RunTime:0.001000s ]

[ 2017-03-01T15:53:06+08:00 ] 127.0.0.1 /myproject/index.php/Admin/Infolist/infolistUpdate/id/ajax_do.php?action=infoclass&id=17&row=
INFO: [ app_begin ] --START--
INFO: Run Behavior\ReadHtmlCacheBehavior [ RunTime:0.001000s ]
INFO: [ app_begin ] --END-- [ RunTime:0.003000s ]
SQL: SHOW COLUMNS FROM `db_infolist` [ RunTime:0.0050s ]
SQL: SHOW COLUMNS FROM `db_infoclass` [ RunTime:0.0080s ]
SQL: SELECT * FROM `db_infolist` WHERE ( id=17 ) LIMIT 1   [ RunTime:0.0000s ]
SQL: SELECT * FROM `db_infoclass` ORDER BY orderid asc  [ RunTime:0.0010s ]
INFO: [ view_parse ] --START--
INFO: [ template_filter ] --START--
INFO: Run Behavior\ContentReplaceBehavior [ RunTime:0.000000s ]
INFO: [ template_filter ] --END-- [ RunTime:0.000000s ]
INFO: Run Behavior\ParseTemplateBehavior [ RunTime:0.012000s ]
INFO: [ view_parse ] --END-- [ RunTime:0.012000s ]
INFO: [ view_filter ] --START--
INFO: Run Behavior\WriteHtmlCacheBehavior [ RunTime:0.001000s ]
INFO: [ view_filter ] --END-- [ RunTime:0.001000s ]
INFO: [ app_end ] --START--
INFO: Run Behavior\ShowPageTraceBehavior [ RunTime:0.001000s ]
INFO: [ app_end ] --END-- [ RunTime:0.001000s ]

[ 2017-03-01T15:53:06+08:00 ] 127.0.0.1 /myproject/index.php/Admin/Infolist/infolistUpdate/id/ajax_do.php?action=infoclass&id=17&row=
INFO: [ app_begin ] --START--
INFO: Run Behavior\ReadHtmlCacheBehavior [ RunTime:0.001000s ]
INFO: [ app_begin ] --END-- [ RunTime:0.001000s ]
SQL: SHOW COLUMNS FROM `db_infolist` [ RunTime:0.0190s ]
SQL: SHOW COLUMNS FROM `db_infoclass` [ RunTime:0.0050s ]
SQL: SELECT * FROM `db_infolist` WHERE ( id=17 ) LIMIT 1   [ RunTime:0.0000s ]
SQL: SELECT * FROM `db_infoclass` ORDER BY orderid asc  [ RunTime:0.0050s ]
INFO: [ view_parse ] --START--
INFO: [ template_filter ] --START--
INFO: Run Behavior\ContentReplaceBehavior [ RunTime:0.000000s ]
INFO: [ template_filter ] --END-- [ RunTime:0.000000s ]
INFO: Run Behavior\ParseTemplateBehavior [ RunTime:0.010001s ]
INFO: [ view_parse ] --END-- [ RunTime:0.010001s ]
INFO: [ view_filter ] --START--
INFO: Run Behavior\WriteHtmlCacheBehavior [ RunTime:0.001000s ]
INFO: [ view_filter ] --END-- [ RunTime:0.001000s ]
INFO: [ app_end ] --START--
INFO: Run Behavior\ShowPageTraceBehavior [ RunTime:0.001000s ]
INFO: [ app_end ] --END-- [ RunTime:0.001000s ]

[ 2017-03-01T15:53:09+08:00 ] 127.0.0.1 /myproject/index.php/Admin/Infolist/infolistUpdate/id/ajax_do.php?action=infoclass&id=0&row=
INFO: [ app_begin ] --START--
INFO: Run Behavior\ReadHtmlCacheBehavior [ RunTime:0.001000s ]
INFO: [ app_begin ] --END-- [ RunTime:0.002000s ]
SQL: SHOW COLUMNS FROM `db_infolist` [ RunTime:0.0050s ]
SQL: SHOW COLUMNS FROM `db_infoclass` [ RunTime:0.0060s ]
SQL: SELECT * FROM `db_infolist` WHERE ( id=0 ) LIMIT 1   [ RunTime:0.0000s ]
SQL: SELECT * FROM `db_infoclass` ORDER BY orderid asc  [ RunTime:0.0010s ]
INFO: [ view_parse ] --START--
INFO: [ template_filter ] --START--
INFO: Run Behavior\ContentReplaceBehavior [ RunTime:0.000000s ]
INFO: [ template_filter ] --END-- [ RunTime:0.000000s ]
INFO: Run Behavior\ParseTemplateBehavior [ RunTime:0.006001s ]
INFO: [ view_parse ] --END-- [ RunTime:0.007001s ]
INFO: [ view_filter ] --START--
INFO: Run Behavior\WriteHtmlCacheBehavior [ RunTime:0.001000s ]
INFO: [ view_filter ] --END-- [ RunTime:0.001000s ]
INFO: [ app_end ] --START--
INFO: Run Behavior\ShowPageTraceBehavior [ RunTime:0.001000s ]
INFO: [ app_end ] --END-- [ RunTime:0.001000s ]

[ 2017-03-01T15:53:09+08:00 ] 127.0.0.1 /myproject/index.php/Admin/Infolist/infolistUpdate/id/ajax_do.php?action=infoclass&id=0&row=
INFO: [ app_begin ] --START--
INFO: Run Behavior\ReadHtmlCacheBehavior [ RunTime:0.001000s ]
INFO: [ app_begin ] --END-- [ RunTime:0.002000s ]
SQL: SHOW COLUMNS FROM `db_infolist` [ RunTime:0.0070s ]
SQL: SHOW COLUMNS FROM `db_infoclass` [ RunTime:0.0110s ]
SQL: SELECT * FROM `db_infolist` WHERE ( id=0 ) LIMIT 1   [ RunTime:0.0000s ]
SQL: SELECT * FROM `db_infoclass` ORDER BY orderid asc  [ RunTime:0.0000s ]
INFO: [ view_parse ] --START--
INFO: [ template_filter ] --START--
INFO: Run Behavior\ContentReplaceBehavior [ RunTime:0.000000s ]
INFO: [ template_filter ] --END-- [ RunTime:0.001000s ]
INFO: Run Behavior\ParseTemplateBehavior [ RunTime:0.040002s ]
INFO: [ view_parse ] --END-- [ RunTime:0.040002s ]
INFO: [ view_filter ] --START--
INFO: Run Behavior\WriteHtmlCacheBehavior [ RunTime:0.000000s ]
INFO: [ view_filter ] --END-- [ RunTime:0.000000s ]
INFO: [ app_end ] --START--
INFO: Run Behavior\ShowPageTraceBehavior [ RunTime:0.009000s ]
INFO: [ app_end ] --END-- [ RunTime:0.009000s ]

[ 2017-03-01T15:53:09+08:00 ] 127.0.0.1 /myproject/index.php/Admin/Infolist/infolistUpdate/id/ajax_do.php?action=infoclass&id=0&row=
INFO: [ app_begin ] --START--
INFO: Run Behavior\ReadHtmlCacheBehavior [ RunTime:0.001000s ]
INFO: [ app_begin ] --END-- [ RunTime:0.001000s ]
SQL: SHOW COLUMNS FROM `db_infolist` [ RunTime:0.0070s ]
SQL: SHOW COLUMNS FROM `db_infoclass` [ RunTime:0.0050s ]
SQL: SELECT * FROM `db_infolist` WHERE ( id=0 ) LIMIT 1   [ RunTime:0.0010s ]
SQL: SELECT * FROM `db_infoclass` ORDER BY orderid asc  [ RunTime:0.0000s ]
INFO: [ view_parse ] --START--
INFO: [ template_filter ] --START--
INFO: Run Behavior\ContentReplaceBehavior [ RunTime:0.000000s ]
INFO: [ template_filter ] --END-- [ RunTime:0.000000s ]
INFO: Run Behavior\ParseTemplateBehavior [ RunTime:0.013001s ]
INFO: [ view_parse ] --END-- [ RunTime:0.013001s ]
INFO: [ view_filter ] --START--
INFO: Run Behavior\WriteHtmlCacheBehavior [ RunTime:0.000000s ]
INFO: [ view_filter ] --END-- [ RunTime:0.000000s ]
INFO: [ app_end ] --START--
INFO: Run Behavior\ShowPageTraceBehavior [ RunTime:0.001000s ]
INFO: [ app_end ] --END-- [ RunTime:0.001000s ]

[ 2017-03-01T15:53:09+08:00 ] 127.0.0.1 /myproject/index.php/Admin/Infolist/infolistUpdate/id/ajax_do.php?action=infoclass&id=0&row=
INFO: [ app_begin ] --START--
INFO: Run Behavior\ReadHtmlCacheBehavior [ RunTime:0.001000s ]
INFO: [ app_begin ] --END-- [ RunTime:0.001000s ]
SQL: SHOW COLUMNS FROM `db_infolist` [ RunTime:0.0070s ]
SQL: SHOW COLUMNS FROM `db_infoclass` [ RunTime:0.0060s ]
SQL: SELECT * FROM `db_infolist` WHERE ( id=0 ) LIMIT 1   [ RunTime:0.0000s ]
SQL: SELECT * FROM `db_infoclass` ORDER BY orderid asc  [ RunTime:0.0010s ]
INFO: [ view_parse ] --START--
INFO: [ template_filter ] --START--
INFO: Run Behavior\ContentReplaceBehavior [ RunTime:0.000000s ]
INFO: [ template_filter ] --END-- [ RunTime:0.001000s ]
INFO: Run Behavior\ParseTemplateBehavior [ RunTime:0.015001s ]
INFO: [ view_parse ] --END-- [ RunTime:0.015001s ]
INFO: [ view_filter ] --START--
INFO: Run Behavior\WriteHtmlCacheBehavior [ RunTime:0.000000s ]
INFO: [ view_filter ] --END-- [ RunTime:0.000000s ]
INFO: [ app_end ] --START--
INFO: Run Behavior\ShowPageTraceBehavior [ RunTime:0.000000s ]
INFO: [ app_end ] --END-- [ RunTime:0.000000s ]

[ 2017-03-01T15:53:09+08:00 ] 127.0.0.1 /myproject/index.php/Admin/Infolist/infolistUpdate/id/ajax_do.php?action=infoclass&id=0&row=
INFO: [ app_begin ] --START--
INFO: Run Behavior\ReadHtmlCacheBehavior [ RunTime:0.002000s ]
INFO: [ app_begin ] --END-- [ RunTime:0.002000s ]
SQL: SHOW COLUMNS FROM `db_infolist` [ RunTime:0.0050s ]
SQL: SHOW COLUMNS FROM `db_infoclass` [ RunTime:0.0050s ]
SQL: SELECT * FROM `db_infolist` WHERE ( id=0 ) LIMIT 1   [ RunTime:0.0000s ]
SQL: SELECT * FROM `db_infoclass` ORDER BY orderid asc  [ RunTime:0.0010s ]
INFO: [ view_parse ] --START--
INFO: [ template_filter ] --START--
INFO: Run Behavior\ContentReplaceBehavior [ RunTime:0.000000s ]
INFO: [ template_filter ] --END-- [ RunTime:0.000000s ]
INFO: Run Behavior\ParseTemplateBehavior [ RunTime:0.017001s ]
INFO: [ view_parse ] --END-- [ RunTime:0.018001s ]
INFO: [ view_filter ] --START--
INFO: Run Behavior\WriteHtmlCacheBehavior [ RunTime:0.000000s ]
INFO: [ view_filter ] --END-- [ RunTime:0.000000s ]
INFO: [ app_end ] --START--
INFO: Run Behavior\ShowPageTraceBehavior [ RunTime:0.001000s ]
INFO: [ app_end ] --END-- [ RunTime:0.001000s ]

[ 2017-03-01T15:53:09+08:00 ] 127.0.0.1 /myproject/index.php/Admin/Infolist/infolistUpdate/id/ajax_do.php?action=infoclass&id=0&row=
INFO: [ app_begin ] --START--
INFO: Run Behavior\ReadHtmlCacheBehavior [ RunTime:0.001000s ]
INFO: [ app_begin ] --END-- [ RunTime:0.001000s ]
SQL: SHOW COLUMNS FROM `db_infolist` [ RunTime:0.0060s ]
SQL: SHOW COLUMNS FROM `db_infoclass` [ RunTime:0.0050s ]
SQL: SELECT * FROM `db_infolist` WHERE ( id=0 ) LIMIT 1   [ RunTime:0.0010s ]
SQL: SELECT * FROM `db_infoclass` ORDER BY orderid asc  [ RunTime:0.0000s ]
INFO: [ view_parse ] --START--
INFO: [ template_filter ] --START--
INFO: Run Behavior\ContentReplaceBehavior [ RunTime:0.001000s ]
INFO: [ template_filter ] --END-- [ RunTime:0.001000s ]
INFO: Run Behavior\ParseTemplateBehavior [ RunTime:0.010001s ]
INFO: [ view_parse ] --END-- [ RunTime:0.010001s ]
INFO: [ view_filter ] --START--
INFO: Run Behavior\WriteHtmlCacheBehavior [ RunTime:0.000000s ]
INFO: [ view_filter ] --END-- [ RunTime:0.000000s ]
INFO: [ app_end ] --START--
INFO: Run Behavior\ShowPageTraceBehavior [ RunTime:0.001000s ]
INFO: [ app_end ] --END-- [ RunTime:0.001000s ]

[ 2017-03-01T15:53:09+08:00 ] 127.0.0.1 /myproject/index.php/Admin/Infolist/infolistUpdate/id/ajax_do.php?action=infoclass&id=0&row=
INFO: [ app_begin ] --START--
INFO: Run Behavior\ReadHtmlCacheBehavior [ RunTime:0.001001s ]
INFO: [ app_begin ] --END-- [ RunTime:0.002001s ]
SQL: SHOW COLUMNS FROM `db_infolist` [ RunTime:0.0050s ]
SQL: SHOW COLUMNS FROM `db_infoclass` [ RunTime:0.0050s ]
SQL: SELECT * FROM `db_infolist` WHERE ( id=0 ) LIMIT 1   [ RunTime:0.0000s ]
SQL: SELECT * FROM `db_infoclass` ORDER BY orderid asc  [ RunTime:0.0010s ]
INFO: [ view_parse ] --START--
INFO: [ template_filter ] --START--
INFO: Run Behavior\ContentReplaceBehavior [ RunTime:0.001000s ]
INFO: [ template_filter ] --END-- [ RunTime:0.001000s ]
INFO: Run Behavior\ParseTemplateBehavior [ RunTime:0.011001s ]
INFO: [ view_parse ] --END-- [ RunTime:0.011001s ]
INFO: [ view_filter ] --START--
INFO: Run Behavior\WriteHtmlCacheBehavior [ RunTime:0.000000s ]
INFO: [ view_filter ] --END-- [ RunTime:0.000000s ]
INFO: [ app_end ] --START--
INFO: Run Behavior\ShowPageTraceBehavior [ RunTime:0.001000s ]
INFO: [ app_end ] --END-- [ RunTime:0.001000s ]

[ 2017-03-01T15:53:09+08:00 ] 127.0.0.1 /myproject/index.php/Admin/Infolist/infolistUpdate/id/ajax_do.php?action=infoclass&id=0&row=
INFO: [ app_begin ] --START--
INFO: Run Behavior\ReadHtmlCacheBehavior [ RunTime:0.000000s ]
INFO: [ app_begin ] --END-- [ RunTime:0.001000s ]
SQL: SHOW COLUMNS FROM `db_infolist` [ RunTime:0.0070s ]
SQL: SHOW COLUMNS FROM `db_infoclass` [ RunTime:0.0050s ]
SQL: SELECT * FROM `db_infolist` WHERE ( id=0 ) LIMIT 1   [ RunTime:0.0000s ]
SQL: SELECT * FROM `db_infoclass` ORDER BY orderid asc  [ RunTime:0.0000s ]
INFO: [ view_parse ] --START--
INFO: [ template_filter ] --START--
INFO: Run Behavior\ContentReplaceBehavior [ RunTime:0.000000s ]
INFO: [ template_filter ] --END-- [ RunTime:0.000000s ]
INFO: Run Behavior\ParseTemplateBehavior [ RunTime:0.009000s ]
INFO: [ view_parse ] --END-- [ RunTime:0.009000s ]
INFO: [ view_filter ] --START--
INFO: Run Behavior\WriteHtmlCacheBehavior [ RunTime:0.001001s ]
INFO: [ view_filter ] --END-- [ RunTime:0.001001s ]
INFO: [ app_end ] --START--
INFO: Run Behavior\ShowPageTraceBehavior [ RunTime:0.001000s ]
INFO: [ app_end ] --END-- [ RunTime:0.001000s ]

[ 2017-03-01T15:53:09+08:00 ] 127.0.0.1 /myproject/index.php/Admin/Infolist/infolistUpdate/id/ajax_do.php?action=infoclass&id=0&row=
INFO: [ app_begin ] --START--
INFO: Run Behavior\ReadHtmlCacheBehavior [ RunTime:0.001000s ]
INFO: [ app_begin ] --END-- [ RunTime:0.001000s ]
SQL: SHOW COLUMNS FROM `db_infolist` [ RunTime:0.0070s ]
SQL: SHOW COLUMNS FROM `db_infoclass` [ RunTime:0.0050s ]
SQL: SELECT * FROM `db_infolist` WHERE ( id=0 ) LIMIT 1   [ RunTime:0.0000s ]
SQL: SELECT * FROM `db_infoclass` ORDER BY orderid asc  [ RunTime:0.0010s ]
INFO: [ view_parse ] --START--
INFO: [ template_filter ] --START--
INFO: Run Behavior\ContentReplaceBehavior [ RunTime:0.000000s ]
INFO: [ template_filter ] --END-- [ RunTime:0.000000s ]
INFO: Run Behavior\ParseTemplateBehavior [ RunTime:0.010001s ]
INFO: [ view_parse ] --END-- [ RunTime:0.010001s ]
INFO: [ view_filter ] --START--
INFO: Run Behavior\WriteHtmlCacheBehavior [ RunTime:0.001000s ]
INFO: [ view_filter ] --END-- [ RunTime:0.001000s ]
INFO: [ app_end ] --START--
INFO: Run Behavior\ShowPageTraceBehavior [ RunTime:0.001000s ]
INFO: [ app_end ] --END-- [ RunTime:0.001000s ]

[ 2017-03-01T15:53:09+08:00 ] 127.0.0.1 /myproject/index.php/Admin/Infolist/infolistUpdate/id/ajax_do.php?action=infoclass&id=0&row=
INFO: [ app_begin ] --START--
INFO: Run Behavior\ReadHtmlCacheBehavior [ RunTime:0.001000s ]
INFO: [ app_begin ] --END-- [ RunTime:0.001000s ]
SQL: SHOW COLUMNS FROM `db_infolist` [ RunTime:0.0110s ]
SQL: SHOW COLUMNS FROM `db_infoclass` [ RunTime:0.0060s ]
SQL: SELECT * FROM `db_infolist` WHERE ( id=0 ) LIMIT 1   [ RunTime:0.0000s ]
SQL: SELECT * FROM `db_infoclass` ORDER BY orderid asc  [ RunTime:0.0020s ]
INFO: [ view_parse ] --START--
INFO: [ template_filter ] --START--
INFO: Run Behavior\ContentReplaceBehavior [ RunTime:0.000000s ]
INFO: [ template_filter ] --END-- [ RunTime:0.000000s ]
INFO: Run Behavior\ParseTemplateBehavior [ RunTime:0.011001s ]
INFO: [ view_parse ] --END-- [ RunTime:0.012001s ]
INFO: [ view_filter ] --START--
INFO: Run Behavior\WriteHtmlCacheBehavior [ RunTime:0.001000s ]
INFO: [ view_filter ] --END-- [ RunTime:0.001000s ]
INFO: [ app_end ] --START--
INFO: Run Behavior\ShowPageTraceBehavior [ RunTime:0.000000s ]
INFO: [ app_end ] --END-- [ RunTime:0.000000s ]

[ 2017-03-01T15:53:09+08:00 ] 127.0.0.1 /myproject/index.php/Admin/Infolist/infolistUpdate/id/ajax_do.php?action=infoclass&id=0&row=
INFO: [ app_begin ] --START--
INFO: Run Behavior\ReadHtmlCacheBehavior [ RunTime:0.001000s ]
INFO: [ app_begin ] --END-- [ RunTime:0.002000s ]
SQL: SHOW COLUMNS FROM `db_infolist` [ RunTime:0.0050s ]
SQL: SHOW COLUMNS FROM `db_infoclass` [ RunTime:0.0050s ]
SQL: SELECT * FROM `db_infolist` WHERE ( id=0 ) LIMIT 1   [ RunTime:0.0010s ]
SQL: SELECT * FROM `db_infoclass` ORDER BY orderid asc  [ RunTime:0.0020s ]
INFO: [ view_parse ] --START--
INFO: [ template_filter ] --START--
INFO: Run Behavior\ContentReplaceBehavior [ RunTime:0.000000s ]
INFO: [ template_filter ] --END-- [ RunTime:0.000000s ]
INFO: Run Behavior\ParseTemplateBehavior [ RunTime:0.010001s ]
INFO: [ view_parse ] --END-- [ RunTime:0.010001s ]
INFO: [ view_filter ] --START--
INFO: Run Behavior\WriteHtmlCacheBehavior [ RunTime:0.000000s ]
INFO: [ view_filter ] --END-- [ RunTime:0.000000s ]
INFO: [ app_end ] --START--
INFO: Run Behavior\ShowPageTraceBehavior [ RunTime:0.001000s ]
INFO: [ app_end ] --END-- [ RunTime:0.001000s ]

[ 2017-03-01T15:53:09+08:00 ] 127.0.0.1 /myproject/index.php/Admin/Infolist/infolistUpdate/id/ajax_do.php?action=infoclass&id=0&row=
INFO: [ app_begin ] --START--
INFO: Run Behavior\ReadHtmlCacheBehavior [ RunTime:0.000000s ]
INFO: [ app_begin ] --END-- [ RunTime:0.001000s ]
SQL: SHOW COLUMNS FROM `db_infolist` [ RunTime:0.0050s ]
SQL: SHOW COLUMNS FROM `db_infoclass` [ RunTime:0.0060s ]
SQL: SELECT * FROM `db_infolist` WHERE ( id=0 ) LIMIT 1   [ RunTime:0.0000s ]
SQL: SELECT * FROM `db_infoclass` ORDER BY orderid asc  [ RunTime:0.0010s ]
INFO: [ view_parse ] --START--
INFO: [ template_filter ] --START--
INFO: Run Behavior\ContentReplaceBehavior [ RunTime:0.001000s ]
INFO: [ template_filter ] --END-- [ RunTime:0.001000s ]
INFO: Run Behavior\ParseTemplateBehavior [ RunTime:0.010000s ]
INFO: [ view_parse ] --END-- [ RunTime:0.010000s ]
INFO: [ view_filter ] --START--
INFO: Run Behavior\WriteHtmlCacheBehavior [ RunTime:0.000000s ]
INFO: [ view_filter ] --END-- [ RunTime:0.000000s ]
INFO: [ app_end ] --START--
INFO: Run Behavior\ShowPageTraceBehavior [ RunTime:0.001001s ]
INFO: [ app_end ] --END-- [ RunTime:0.001001s ]

[ 2017-03-01T15:53:10+08:00 ] 127.0.0.1 /myproject/index.php/Admin/Infolist/infolistUpdate/id/ajax_do.php?action=infoclass&id=0&row=
INFO: [ app_begin ] --START--
INFO: Run Behavior\ReadHtmlCacheBehavior [ RunTime:0.000000s ]
INFO: [ app_begin ] --END-- [ RunTime:0.001000s ]
SQL: SHOW COLUMNS FROM `db_infolist` [ RunTime:0.0060s ]
SQL: SHOW COLUMNS FROM `db_infoclass` [ RunTime:0.0060s ]
SQL: SELECT * FROM `db_infolist` WHERE ( id=0 ) LIMIT 1   [ RunTime:0.0000s ]
SQL: SELECT * FROM `db_infoclass` ORDER BY orderid asc  [ RunTime:0.0010s ]
INFO: [ view_parse ] --START--
INFO: [ template_filter ] --START--
INFO: Run Behavior\ContentReplaceBehavior [ RunTime:0.000000s ]
INFO: [ template_filter ] --END-- [ RunTime:0.000000s ]
INFO: Run Behavior\ParseTemplateBehavior [ RunTime:0.016001s ]
INFO: [ view_parse ] --END-- [ RunTime:0.016001s ]
INFO: [ view_filter ] --START--
INFO: Run Behavior\WriteHtmlCacheBehavior [ RunTime:0.001000s ]
INFO: [ view_filter ] --END-- [ RunTime:0.001000s ]
INFO: [ app_end ] --START--
INFO: Run Behavior\ShowPageTraceBehavior [ RunTime:0.000000s ]
INFO: [ app_end ] --END-- [ RunTime:0.000000s ]

[ 2017-03-01T15:53:10+08:00 ] 127.0.0.1 /myproject/index.php/Admin/Infolist/infolistUpdate/id/ajax_do.php?action=infoclass&id=0&row=
INFO: [ app_begin ] --START--
INFO: Run Behavior\ReadHtmlCacheBehavior [ RunTime:0.001001s ]
INFO: [ app_begin ] --END-- [ RunTime:0.001001s ]
SQL: SHOW COLUMNS FROM `db_infolist` [ RunTime:0.0070s ]
SQL: SHOW COLUMNS FROM `db_infoclass` [ RunTime:0.0050s ]
SQL: SELECT * FROM `db_infolist` WHERE ( id=0 ) LIMIT 1   [ RunTime:0.0010s ]
SQL: SELECT * FROM `db_infoclass` ORDER BY orderid asc  [ RunTime:0.0000s ]
INFO: [ view_parse ] --START--
INFO: [ template_filter ] --START--
INFO: Run Behavior\ContentReplaceBehavior [ RunTime:0.000000s ]
INFO: [ template_filter ] --END-- [ RunTime:0.000000s ]
INFO: Run Behavior\ParseTemplateBehavior [ RunTime:0.022002s ]
INFO: [ view_parse ] --END-- [ RunTime:0.022002s ]
INFO: [ view_filter ] --START--
INFO: Run Behavior\WriteHtmlCacheBehavior [ RunTime:0.000000s ]
INFO: [ view_filter ] --END-- [ RunTime:0.000000s ]
INFO: [ app_end ] --START--
INFO: Run Behavior\ShowPageTraceBehavior [ RunTime:0.001000s ]
INFO: [ app_end ] --END-- [ RunTime:0.001000s ]

[ 2017-03-01T15:53:10+08:00 ] 127.0.0.1 /myproject/index.php/Admin/Infolist/infolistUpdate/id/ajax_do.php?action=infoclass&id=0&row=
INFO: [ app_begin ] --START--
INFO: Run Behavior\ReadHtmlCacheBehavior [ RunTime:0.002000s ]
INFO: [ app_begin ] --END-- [ RunTime:0.030001s ]
SQL: SHOW COLUMNS FROM `db_infolist` [ RunTime:0.0060s ]
SQL: SHOW COLUMNS FROM `db_infoclass` [ RunTime:0.0050s ]
SQL: SELECT * FROM `db_infolist` WHERE ( id=0 ) LIMIT 1   [ RunTime:0.0010s ]
SQL: SELECT * FROM `db_infoclass` ORDER BY orderid asc  [ RunTime:0.0000s ]
INFO: [ view_parse ] --START--
INFO: [ template_filter ] --START--
INFO: Run Behavior\ContentReplaceBehavior [ RunTime:0.000000s ]
INFO: [ template_filter ] --END-- [ RunTime:0.000000s ]
INFO: Run Behavior\ParseTemplateBehavior [ RunTime:0.010000s ]
INFO: [ view_parse ] --END-- [ RunTime:0.010000s ]
INFO: [ view_filter ] --START--
INFO: Run Behavior\WriteHtmlCacheBehavior [ RunTime:0.000000s ]
INFO: [ view_filter ] --END-- [ RunTime:0.000000s ]
INFO: [ app_end ] --START--
INFO: Run Behavior\ShowPageTraceBehavior [ RunTime:0.001000s ]
INFO: [ app_end ] --END-- [ RunTime:0.001000s ]

[ 2017-03-01T15:53:10+08:00 ] 127.0.0.1 /myproject/index.php/Admin/Infolist/infolistUpdate/id/ajax_do.php?action=infoclass&id=0&row=
INFO: [ app_begin ] --START--
INFO: Run Behavior\ReadHtmlCacheBehavior [ RunTime:0.001000s ]
INFO: [ app_begin ] --END-- [ RunTime:0.001000s ]
SQL: SHOW COLUMNS FROM `db_infolist` [ RunTime:0.0060s ]
SQL: SHOW COLUMNS FROM `db_infoclass` [ RunTime:0.0050s ]
SQL: SELECT * FROM `db_infolist` WHERE ( id=0 ) LIMIT 1   [ RunTime:0.0000s ]
SQL: SELECT * FROM `db_infoclass` ORDER BY orderid asc  [ RunTime:0.0010s ]
INFO: [ view_parse ] --START--
INFO: [ template_filter ] --START--
INFO: Run Behavior\ContentReplaceBehavior [ RunTime:0.000000s ]
INFO: [ template_filter ] --END-- [ RunTime:0.000000s ]
INFO: Run Behavior\ParseTemplateBehavior [ RunTime:0.010000s ]
INFO: [ view_parse ] --END-- [ RunTime:0.010000s ]
INFO: [ view_filter ] --START--
INFO: Run Behavior\WriteHtmlCacheBehavior [ RunTime:0.000000s ]
INFO: [ view_filter ] --END-- [ RunTime:0.000000s ]
INFO: [ app_end ] --START--
INFO: Run Behavior\ShowPageTraceBehavior [ RunTime:0.001000s ]
INFO: [ app_end ] --END-- [ RunTime:0.001000s ]

[ 2017-03-01T15:53:10+08:00 ] 127.0.0.1 /myproject/index.php/Admin/Infolist/infolistUpdate/id/ajax_do.php?action=infoclass&id=0&row=
INFO: [ app_begin ] --START--
INFO: Run Behavior\ReadHtmlCacheBehavior [ RunTime:0.000000s ]
INFO: [ app_begin ] --END-- [ RunTime:0.001000s ]
SQL: SHOW COLUMNS FROM `db_infolist` [ RunTime:0.0060s ]
SQL: SHOW COLUMNS FROM `db_infoclass` [ RunTime:0.0050s ]
SQL: SELECT * FROM `db_infolist` WHERE ( id=0 ) LIMIT 1   [ RunTime:0.0000s ]
SQL: SELECT * FROM `db_infoclass` ORDER BY orderid asc  [ RunTime:0.0010s ]
INFO: [ view_parse ] --START--
INFO: [ template_filter ] --START--
INFO: Run Behavior\ContentReplaceBehavior [ RunTime:0.000000s ]
INFO: [ template_filter ] --END-- [ RunTime:0.000000s ]
INFO: Run Behavior\ParseTemplateBehavior [ RunTime:0.011001s ]
INFO: [ view_parse ] --END-- [ RunTime:0.011001s ]
INFO: [ view_filter ] --START--
INFO: Run Behavior\WriteHtmlCacheBehavior [ RunTime:0.000000s ]
INFO: [ view_filter ] --END-- [ RunTime:0.000000s ]
INFO: [ app_end ] --START--
INFO: Run Behavior\ShowPageTraceBehavior [ RunTime:0.001000s ]
INFO: [ app_end ] --END-- [ RunTime:0.001000s ]

[ 2017-03-01T15:53:10+08:00 ] 127.0.0.1 /myproject/index.php/Admin/Infolist/infolistUpdate/id/ajax_do.php?action=infoclass&id=0&row=
INFO: [ app_begin ] --START--
INFO: Run Behavior\ReadHtmlCacheBehavior [ RunTime:0.001000s ]
INFO: [ app_begin ] --END-- [ RunTime:0.002000s ]
SQL: SHOW COLUMNS FROM `db_infolist` [ RunTime:0.0320s ]
SQL: SHOW COLUMNS FROM `db_infoclass` [ RunTime:0.0050s ]
SQL: SELECT * FROM `db_infolist` WHERE ( id=0 ) LIMIT 1   [ RunTime:0.0010s ]
SQL: SELECT * FROM `db_infoclass` ORDER BY orderid asc  [ RunTime:0.0000s ]
INFO: [ view_parse ] --START--
INFO: [ template_filter ] --START--
INFO: Run Behavior\ContentReplaceBehavior [ RunTime:0.000000s ]
INFO: [ template_filter ] --END-- [ RunTime:0.000000s ]
INFO: Run Behavior\ParseTemplateBehavior [ RunTime:0.010000s ]
INFO: [ view_parse ] --END-- [ RunTime:0.010000s ]
INFO: [ view_filter ] --START--
INFO: Run Behavior\WriteHtmlCacheBehavior [ RunTime:0.000000s ]
INFO: [ view_filter ] --END-- [ RunTime:0.000000s ]
INFO: [ app_end ] --START--
INFO: Run Behavior\ShowPageTraceBehavior [ RunTime:0.001000s ]
INFO: [ app_end ] --END-- [ RunTime:0.001000s ]

[ 2017-03-01T15:53:10+08:00 ] 127.0.0.1 /myproject/index.php/Admin/Infolist/infolistUpdate/id/ajax_do.php?action=infoclass&id=0&row=
INFO: [ app_begin ] --START--
INFO: Run Behavior\ReadHtmlCacheBehavior [ RunTime:0.001000s ]
INFO: [ app_begin ] --END-- [ RunTime:0.001000s ]
SQL: SHOW COLUMNS FROM `db_infolist` [ RunTime:0.0070s ]
SQL: SHOW COLUMNS FROM `db_infoclass` [ RunTime:0.0050s ]
SQL: SELECT * FROM `db_infolist` WHERE ( id=0 ) LIMIT 1   [ RunTime:0.0000s ]
SQL: SELECT * FROM `db_infoclass` ORDER BY orderid asc  [ RunTime:0.0000s ]
INFO: [ view_parse ] --START--
INFO: [ template_filter ] --START--
INFO: Run Behavior\ContentReplaceBehavior [ RunTime:0.000000s ]
INFO: [ template_filter ] --END-- [ RunTime:0.000000s ]
INFO: Run Behavior\ParseTemplateBehavior [ RunTime:0.011001s ]
INFO: [ view_parse ] --END-- [ RunTime:0.011001s ]
INFO: [ view_filter ] --START--
INFO: Run Behavior\WriteHtmlCacheBehavior [ RunTime:0.000000s ]
INFO: [ view_filter ] --END-- [ RunTime:0.000000s ]
INFO: [ app_end ] --START--
INFO: Run Behavior\ShowPageTraceBehavior [ RunTime:0.001000s ]
INFO: [ app_end ] --END-- [ RunTime:0.001000s ]

[ 2017-03-01T15:53:10+08:00 ] 127.0.0.1 /myproject/index.php/Admin/Infolist/infolistUpdate/id/ajax_do.php?action=infoclass&id=0&row=
INFO: [ app_begin ] --START--
INFO: Run Behavior\ReadHtmlCacheBehavior [ RunTime:0.009000s ]
INFO: [ app_begin ] --END-- [ RunTime:0.009000s ]
SQL: SHOW COLUMNS FROM `db_infolist` [ RunTime:0.0050s ]
SQL: SHOW COLUMNS FROM `db_infoclass` [ RunTime:0.0050s ]
SQL: SELECT * FROM `db_infolist` WHERE ( id=0 ) LIMIT 1   [ RunTime:0.0010s ]
SQL: SELECT * FROM `db_infoclass` ORDER BY orderid asc  [ RunTime:0.0000s ]
INFO: [ view_parse ] --START--
INFO: [ template_filter ] --START--
INFO: Run Behavior\ContentReplaceBehavior [ RunTime:0.000000s ]
INFO: [ template_filter ] --END-- [ RunTime:0.000000s ]
INFO: Run Behavior\ParseTemplateBehavior [ RunTime:0.010000s ]
INFO: [ view_parse ] --END-- [ RunTime:0.010000s ]
INFO: [ view_filter ] --START--
INFO: Run Behavior\WriteHtmlCacheBehavior [ RunTime:0.001000s ]
INFO: [ view_filter ] --END-- [ RunTime:0.001000s ]
INFO: [ app_end ] --START--
INFO: Run Behavior\ShowPageTraceBehavior [ RunTime:0.000000s ]
INFO: [ app_end ] --END-- [ RunTime:0.000000s ]

[ 2017-03-01T15:53:10+08:00 ] 127.0.0.1 /myproject/index.php/Admin/Infolist/infolistUpdate/id/ajax_do.php?action=infoclass&id=0&row=
INFO: [ app_begin ] --START--
INFO: Run Behavior\ReadHtmlCacheBehavior [ RunTime:0.006001s ]
INFO: [ app_begin ] --END-- [ RunTime:0.006001s ]
SQL: SHOW COLUMNS FROM `db_infolist` [ RunTime:0.0050s ]
SQL: SHOW COLUMNS FROM `db_infoclass` [ RunTime:0.0040s ]
SQL: SELECT * FROM `db_infolist` WHERE ( id=0 ) LIMIT 1   [ RunTime:0.0000s ]
SQL: SELECT * FROM `db_infoclass` ORDER BY orderid asc  [ RunTime:0.0010s ]
INFO: [ view_parse ] --START--
INFO: [ template_filter ] --START--
INFO: Run Behavior\ContentReplaceBehavior [ RunTime:0.000000s ]
INFO: [ template_filter ] --END-- [ RunTime:0.000000s ]
INFO: Run Behavior\ParseTemplateBehavior [ RunTime:0.016001s ]
INFO: [ view_parse ] --END-- [ RunTime:0.016001s ]
INFO: [ view_filter ] --START--
INFO: Run Behavior\WriteHtmlCacheBehavior [ RunTime:0.000000s ]
INFO: [ view_filter ] --END-- [ RunTime:0.001000s ]
INFO: [ app_end ] --START--
INFO: Run Behavior\ShowPageTraceBehavior [ RunTime:0.003000s ]
INFO: [ app_end ] --END-- [ RunTime:0.003000s ]

[ 2017-03-01T15:53:10+08:00 ] 127.0.0.1 /myproject/index.php/Admin/Infolist/infolistUpdate/id/ajax_do.php?action=infoclass&id=0&row=
INFO: [ app_begin ] --START--
INFO: Run Behavior\ReadHtmlCacheBehavior [ RunTime:0.001001s ]
INFO: [ app_begin ] --END-- [ RunTime:0.001001s ]
SQL: SHOW COLUMNS FROM `db_infolist` [ RunTime:0.0050s ]
SQL: SHOW COLUMNS FROM `db_infoclass` [ RunTime:0.0050s ]
SQL: SELECT * FROM `db_infolist` WHERE ( id=0 ) LIMIT 1   [ RunTime:0.0010s ]
SQL: SELECT * FROM `db_infoclass` ORDER BY orderid asc  [ RunTime:0.0030s ]
INFO: [ view_parse ] --START--
INFO: [ template_filter ] --START--
INFO: Run Behavior\ContentReplaceBehavior [ RunTime:0.000000s ]
INFO: [ template_filter ] --END-- [ RunTime:0.000000s ]
INFO: Run Behavior\ParseTemplateBehavior [ RunTime:0.010001s ]
INFO: [ view_parse ] --END-- [ RunTime:0.010001s ]
INFO: [ view_filter ] --START--
INFO: Run Behavior\WriteHtmlCacheBehavior [ RunTime:0.000000s ]
INFO: [ view_filter ] --END-- [ RunTime:0.000000s ]
INFO: [ app_end ] --START--
INFO: Run Behavior\ShowPageTraceBehavior [ RunTime:0.001000s ]
INFO: [ app_end ] --END-- [ RunTime:0.001000s ]

[ 2017-03-01T15:53:10+08:00 ] 127.0.0.1 /myproject/index.php/Admin/Infolist/infolistUpdate/id/ajax_do.php?action=infoclass&id=0&row=
INFO: [ app_begin ] --START--
INFO: Run Behavior\ReadHtmlCacheBehavior [ RunTime:0.001001s ]
INFO: [ app_begin ] --END-- [ RunTime:0.001001s ]
SQL: SHOW COLUMNS FROM `db_infolist` [ RunTime:0.0060s ]
SQL: SHOW COLUMNS FROM `db_infoclass` [ RunTime:0.0050s ]
SQL: SELECT * FROM `db_infolist` WHERE ( id=0 ) LIMIT 1   [ RunTime:0.0000s ]
SQL: SELECT * FROM `db_infoclass` ORDER BY orderid asc  [ RunTime:0.0010s ]
INFO: [ view_parse ] --START--
INFO: [ template_filter ] --START--
INFO: Run Behavior\ContentReplaceBehavior [ RunTime:0.000000s ]
INFO: [ template_filter ] --END-- [ RunTime:0.000000s ]
INFO: Run Behavior\ParseTemplateBehavior [ RunTime:0.013001s ]
INFO: [ view_parse ] --END-- [ RunTime:0.014001s ]
INFO: [ view_filter ] --START--
INFO: Run Behavior\WriteHtmlCacheBehavior [ RunTime:0.005000s ]
INFO: [ view_filter ] --END-- [ RunTime:0.005000s ]
INFO: [ app_end ] --START--
INFO: Run Behavior\ShowPageTraceBehavior [ RunTime:0.001000s ]
INFO: [ app_end ] --END-- [ RunTime:0.001000s ]

[ 2017-03-01T15:53:10+08:00 ] 127.0.0.1 /myproject/index.php/Admin/Infolist/infolistUpdate/id/ajax_do.php?action=infoclass&id=0&row=
INFO: [ app_begin ] --START--
INFO: Run Behavior\ReadHtmlCacheBehavior [ RunTime:0.001000s ]
INFO: [ app_begin ] --END-- [ RunTime:0.001000s ]
SQL: SHOW COLUMNS FROM `db_infolist` [ RunTime:0.0060s ]
SQL: SHOW COLUMNS FROM `db_infoclass` [ RunTime:0.0050s ]
SQL: SELECT * FROM `db_infolist` WHERE ( id=0 ) LIMIT 1   [ RunTime:0.0000s ]
SQL: SELECT * FROM `db_infoclass` ORDER BY orderid asc  [ RunTime:0.0000s ]
INFO: [ view_parse ] --START--
INFO: [ template_filter ] --START--
INFO: Run Behavior\ContentReplaceBehavior [ RunTime:0.000000s ]
INFO: [ template_filter ] --END-- [ RunTime:0.000000s ]
INFO: Run Behavior\ParseTemplateBehavior [ RunTime:0.009000s ]
INFO: [ view_parse ] --END-- [ RunTime:0.009000s ]
INFO: [ view_filter ] --START--
INFO: Run Behavior\WriteHtmlCacheBehavior [ RunTime:0.001000s ]
INFO: [ view_filter ] --END-- [ RunTime:0.001000s ]
INFO: [ app_end ] --START--
INFO: Run Behavior\ShowPageTraceBehavior [ RunTime:0.000000s ]
INFO: [ app_end ] --END-- [ RunTime:0.000000s ]

[ 2017-03-01T15:53:10+08:00 ] 127.0.0.1 /myproject/index.php/Admin/Infolist/infolistUpdate/id/ajax_do.php?action=infoclass&id=0&row=
INFO: [ app_begin ] --START--
INFO: Run Behavior\ReadHtmlCacheBehavior [ RunTime:0.001000s ]
INFO: [ app_begin ] --END-- [ RunTime:0.001000s ]
SQL: SHOW COLUMNS FROM `db_infolist` [ RunTime:0.0060s ]
SQL: SHOW COLUMNS FROM `db_infoclass` [ RunTime:0.0050s ]
SQL: SELECT * FROM `db_infolist` WHERE ( id=0 ) LIMIT 1   [ RunTime:0.0000s ]
SQL: SELECT * FROM `db_infoclass` ORDER BY orderid asc  [ RunTime:0.0010s ]
INFO: [ view_parse ] --START--
INFO: [ template_filter ] --START--
INFO: Run Behavior\ContentReplaceBehavior [ RunTime:0.000000s ]
INFO: [ template_filter ] --END-- [ RunTime:0.000000s ]
INFO: Run Behavior\ParseTemplateBehavior [ RunTime:0.010001s ]
INFO: [ view_parse ] --END-- [ RunTime:0.010001s ]
INFO: [ view_filter ] --START--
INFO: Run Behavior\WriteHtmlCacheBehavior [ RunTime:0.000000s ]
INFO: [ view_filter ] --END-- [ RunTime:0.000000s ]
INFO: [ app_end ] --START--
INFO: Run Behavior\ShowPageTraceBehavior [ RunTime:0.001000s ]
INFO: [ app_end ] --END-- [ RunTime:0.001000s ]

[ 2017-03-01T15:53:10+08:00 ] 127.0.0.1 /myproject/index.php/Admin/Infolist/infolistUpdate/id/ajax_do.php?action=infoclass&id=0&row=
INFO: [ app_begin ] --START--
INFO: Run Behavior\ReadHtmlCacheBehavior [ RunTime:0.000000s ]
INFO: [ app_begin ] --END-- [ RunTime:0.001000s ]
SQL: SHOW COLUMNS FROM `db_infolist` [ RunTime:0.0060s ]
SQL: SHOW COLUMNS FROM `db_infoclass` [ RunTime:0.0050s ]
SQL: SELECT * FROM `db_infolist` WHERE ( id=0 ) LIMIT 1   [ RunTime:0.0010s ]
SQL: SELECT * FROM `db_infoclass` ORDER BY orderid asc  [ RunTime:0.0010s ]
INFO: [ view_parse ] --START--
INFO: [ template_filter ] --START--
INFO: Run Behavior\ContentReplaceBehavior [ RunTime:0.000000s ]
INFO: [ template_filter ] --END-- [ RunTime:0.000000s ]
INFO: Run Behavior\ParseTemplateBehavior [ RunTime:0.010000s ]
INFO: [ view_parse ] --END-- [ RunTime:0.010000s ]
INFO: [ view_filter ] --START--
INFO: Run Behavior\WriteHtmlCacheBehavior [ RunTime:0.001000s ]
INFO: [ view_filter ] --END-- [ RunTime:0.001000s ]
INFO: [ app_end ] --START--
INFO: Run Behavior\ShowPageTraceBehavior [ RunTime:0.001000s ]
INFO: [ app_end ] --END-- [ RunTime:0.001000s ]

[ 2017-03-01T15:53:11+08:00 ] 127.0.0.1 /myproject/index.php/Admin/Infolist/infolistUpdate/id/ajax_do.php?action=infoclass&id=0&row=
INFO: [ app_begin ] --START--
INFO: Run Behavior\ReadHtmlCacheBehavior [ RunTime:0.001000s ]
INFO: [ app_begin ] --END-- [ RunTime:0.001000s ]
SQL: SHOW COLUMNS FROM `db_infolist` [ RunTime:0.1240s ]
SQL: SHOW COLUMNS FROM `db_infoclass` [ RunTime:0.0050s ]
SQL: SELECT * FROM `db_infolist` WHERE ( id=0 ) LIMIT 1   [ RunTime:0.0000s ]
SQL: SELECT * FROM `db_infoclass` ORDER BY orderid asc  [ RunTime:0.0010s ]
INFO: [ view_parse ] --START--
INFO: [ template_filter ] --START--
INFO: Run Behavior\ContentReplaceBehavior [ RunTime:0.000000s ]
INFO: [ template_filter ] --END-- [ RunTime:0.000000s ]
INFO: Run Behavior\ParseTemplateBehavior [ RunTime:0.014001s ]
INFO: [ view_parse ] --END-- [ RunTime:0.014001s ]
INFO: [ view_filter ] --START--
INFO: Run Behavior\WriteHtmlCacheBehavior [ RunTime:0.004000s ]
INFO: [ view_filter ] --END-- [ RunTime:0.004000s ]
INFO: [ app_end ] --START--
INFO: Run Behavior\ShowPageTraceBehavior [ RunTime:0.001000s ]
INFO: [ app_end ] --END-- [ RunTime:0.001000s ]

[ 2017-03-01T15:53:11+08:00 ] 127.0.0.1 /myproject/index.php/Admin/Infolist/infolistUpdate/id/ajax_do.php?action=infoclass&id=0&row=
INFO: [ app_begin ] --START--
INFO: Run Behavior\ReadHtmlCacheBehavior [ RunTime:0.000000s ]
INFO: [ app_begin ] --END-- [ RunTime:0.001000s ]
SQL: SHOW COLUMNS FROM `db_infolist` [ RunTime:0.0100s ]
SQL: SHOW COLUMNS FROM `db_infoclass` [ RunTime:0.0050s ]
SQL: SELECT * FROM `db_infolist` WHERE ( id=0 ) LIMIT 1   [ RunTime:0.0000s ]
SQL: SELECT * FROM `db_infoclass` ORDER BY orderid asc  [ RunTime:0.0010s ]
INFO: [ view_parse ] --START--
INFO: [ template_filter ] --START--
INFO: Run Behavior\ContentReplaceBehavior [ RunTime:0.000000s ]
INFO: [ template_filter ] --END-- [ RunTime:0.000000s ]
INFO: Run Behavior\ParseTemplateBehavior [ RunTime:0.011001s ]
INFO: [ view_parse ] --END-- [ RunTime:0.011001s ]
INFO: [ view_filter ] --START--
INFO: Run Behavior\WriteHtmlCacheBehavior [ RunTime:0.001000s ]
INFO: [ view_filter ] --END-- [ RunTime:0.001000s ]
INFO: [ app_end ] --START--
INFO: Run Behavior\ShowPageTraceBehavior [ RunTime:0.001000s ]
INFO: [ app_end ] --END-- [ RunTime:0.001000s ]

[ 2017-03-01T15:53:11+08:00 ] 127.0.0.1 /myproject/index.php/Admin/Infolist/infolistUpdate/id/ajax_do.php?action=infoclass&id=0&row=
INFO: [ app_begin ] --START--
INFO: Run Behavior\ReadHtmlCacheBehavior [ RunTime:0.000000s ]
INFO: [ app_begin ] --END-- [ RunTime:0.001000s ]
SQL: SHOW COLUMNS FROM `db_infolist` [ RunTime:0.0060s ]
SQL: SHOW COLUMNS FROM `db_infoclass` [ RunTime:0.0050s ]
SQL: SELECT * FROM `db_infolist` WHERE ( id=0 ) LIMIT 1   [ RunTime:0.0010s ]
SQL: SELECT * FROM `db_infoclass` ORDER BY orderid asc  [ RunTime:0.0000s ]
INFO: [ view_parse ] --START--
INFO: [ template_filter ] --START--
INFO: Run Behavior\ContentReplaceBehavior [ RunTime:0.001000s ]
INFO: [ template_filter ] --END-- [ RunTime:0.001000s ]
INFO: Run Behavior\ParseTemplateBehavior [ RunTime:0.020002s ]
INFO: [ view_parse ] --END-- [ RunTime:0.020002s ]
INFO: [ view_filter ] --START--
INFO: Run Behavior\WriteHtmlCacheBehavior [ RunTime:0.000000s ]
INFO: [ view_filter ] --END-- [ RunTime:0.000000s ]
INFO: [ app_end ] --START--
INFO: Run Behavior\ShowPageTraceBehavior [ RunTime:0.001000s ]
INFO: [ app_end ] --END-- [ RunTime:0.001000s ]

[ 2017-03-01T15:53:11+08:00 ] 127.0.0.1 /myproject/index.php/Admin/Infolist/infolistUpdate/id/ajax_do.php?action=infoclass&id=0&row=
INFO: [ app_begin ] --START--
INFO: Run Behavior\ReadHtmlCacheBehavior [ RunTime:0.001000s ]
INFO: [ app_begin ] --END-- [ RunTime:0.001000s ]
SQL: SHOW COLUMNS FROM `db_infolist` [ RunTime:0.0100s ]
SQL: SHOW COLUMNS FROM `db_infoclass` [ RunTime:0.0070s ]
SQL: SELECT * FROM `db_infolist` WHERE ( id=0 ) LIMIT 1   [ RunTime:0.0000s ]
SQL: SELECT * FROM `db_infoclass` ORDER BY orderid asc  [ RunTime:0.0010s ]
INFO: [ view_parse ] --START--
INFO: [ template_filter ] --START--
INFO: Run Behavior\ContentReplaceBehavior [ RunTime:0.000000s ]
INFO: [ template_filter ] --END-- [ RunTime:0.000000s ]
INFO: Run Behavior\ParseTemplateBehavior [ RunTime:0.027002s ]
INFO: [ view_parse ] --END-- [ RunTime:0.027002s ]
INFO: [ view_filter ] --START--
INFO: Run Behavior\WriteHtmlCacheBehavior [ RunTime:0.000000s ]
INFO: [ view_filter ] --END-- [ RunTime:0.000000s ]
INFO: [ app_end ] --START--
INFO: Run Behavior\ShowPageTraceBehavior [ RunTime:0.001000s ]
INFO: [ app_end ] --END-- [ RunTime:0.001000s ]

[ 2017-03-01T15:53:11+08:00 ] 127.0.0.1 /myproject/index.php/Admin/Infolist/infolistUpdate/id/ajax_do.php?action=infoclass&id=0&row=
INFO: [ app_begin ] --START--
INFO: Run Behavior\ReadHtmlCacheBehavior [ RunTime:0.000000s ]
INFO: [ app_begin ] --END-- [ RunTime:0.001000s ]
SQL: SHOW COLUMNS FROM `db_infolist` [ RunTime:0.0060s ]
SQL: SHOW COLUMNS FROM `db_infoclass` [ RunTime:0.0060s ]
SQL: SELECT * FROM `db_infolist` WHERE ( id=0 ) LIMIT 1   [ RunTime:0.0010s ]
SQL: SELECT * FROM `db_infoclass` ORDER BY orderid asc  [ RunTime:0.0010s ]
INFO: [ view_parse ] --START--
INFO: [ template_filter ] --START--
INFO: Run Behavior\ContentReplaceBehavior [ RunTime:0.000000s ]
INFO: [ template_filter ] --END-- [ RunTime:0.000000s ]
INFO: Run Behavior\ParseTemplateBehavior [ RunTime:0.015001s ]
INFO: [ view_parse ] --END-- [ RunTime:0.015001s ]
INFO: [ view_filter ] --START--
INFO: Run Behavior\WriteHtmlCacheBehavior [ RunTime:0.000000s ]
INFO: [ view_filter ] --END-- [ RunTime:0.000000s ]
INFO: [ app_end ] --START--
INFO: Run Behavior\ShowPageTraceBehavior [ RunTime:0.001000s ]
INFO: [ app_end ] --END-- [ RunTime:0.001000s ]

[ 2017-03-01T15:53:11+08:00 ] 127.0.0.1 /myproject/index.php/Admin/Infolist/infolistUpdate/id/ajax_do.php?action=infoclass&id=0&row=
INFO: [ app_begin ] --START--
INFO: Run Behavior\ReadHtmlCacheBehavior [ RunTime:0.001000s ]
INFO: [ app_begin ] --END-- [ RunTime:0.001000s ]
SQL: SHOW COLUMNS FROM `db_infolist` [ RunTime:0.0060s ]
SQL: SHOW COLUMNS FROM `db_infoclass` [ RunTime:0.0120s ]
SQL: SELECT * FROM `db_infolist` WHERE ( id=0 ) LIMIT 1   [ RunTime:0.0010s ]
SQL: SELECT * FROM `db_infoclass` ORDER BY orderid asc  [ RunTime:0.0000s ]
INFO: [ view_parse ] --START--
INFO: [ template_filter ] --START--
INFO: Run Behavior\ContentReplaceBehavior [ RunTime:0.000000s ]
INFO: [ template_filter ] --END-- [ RunTime:0.000000s ]
INFO: Run Behavior\ParseTemplateBehavior [ RunTime:0.023001s ]
INFO: [ view_parse ] --END-- [ RunTime:0.023001s ]
INFO: [ view_filter ] --START--
INFO: Run Behavior\WriteHtmlCacheBehavior [ RunTime:0.000000s ]
INFO: [ view_filter ] --END-- [ RunTime:0.000000s ]
INFO: [ app_end ] --START--
INFO: Run Behavior\ShowPageTraceBehavior [ RunTime:0.000000s ]
INFO: [ app_end ] --END-- [ RunTime:0.000000s ]

[ 2017-03-01T15:53:18+08:00 ] 127.0.0.1 /myproject/index.php/Admin/Infolist/infolistUpdate/id/ajax_do.php?action=infoclass&id=9&row=
INFO: [ app_begin ] --START--
INFO: Run Behavior\ReadHtmlCacheBehavior [ RunTime:0.000000s ]
INFO: [ app_begin ] --END-- [ RunTime:0.001000s ]
SQL: SHOW COLUMNS FROM `db_infolist` [ RunTime:0.0050s ]
SQL: SHOW COLUMNS FROM `db_infoclass` [ RunTime:0.0040s ]
SQL: SELECT * FROM `db_infolist` WHERE ( id=9 ) LIMIT 1   [ RunTime:0.0010s ]
SQL: SELECT * FROM `db_infoclass` ORDER BY orderid asc  [ RunTime:0.0000s ]
INFO: [ view_parse ] --START--
INFO: [ template_filter ] --START--
INFO: Run Behavior\ContentReplaceBehavior [ RunTime:0.000000s ]
INFO: [ template_filter ] --END-- [ RunTime:0.000000s ]
INFO: Run Behavior\ParseTemplateBehavior [ RunTime:0.007001s ]
INFO: [ view_parse ] --END-- [ RunTime:0.007001s ]
INFO: [ view_filter ] --START--
INFO: Run Behavior\WriteHtmlCacheBehavior [ RunTime:0.001000s ]
INFO: [ view_filter ] --END-- [ RunTime:0.001000s ]
INFO: [ app_end ] --START--
INFO: Run Behavior\ShowPageTraceBehavior [ RunTime:0.000000s ]
INFO: [ app_end ] --END-- [ RunTime:0.001000s ]

[ 2017-03-01T15:54:02+08:00 ] 127.0.0.1 /myproject/index.php/Admin/Infolist/infolistUpdate/id/ajax_do.php?action=infoclass&id=1&row=
INFO: [ app_begin ] --START--
INFO: Run Behavior\ReadHtmlCacheBehavior [ RunTime:0.001000s ]
INFO: [ app_begin ] --END-- [ RunTime:0.001000s ]
SQL: SHOW COLUMNS FROM `db_infolist` [ RunTime:0.0040s ]
SQL: SHOW COLUMNS FROM `db_infoclass` [ RunTime:0.0030s ]
SQL: SELECT * FROM `db_infolist` WHERE ( id=1 ) LIMIT 1   [ RunTime:0.0000s ]
SQL: SELECT * FROM `db_infoclass` ORDER BY orderid asc  [ RunTime:0.0000s ]
INFO: [ view_parse ] --START--
INFO: [ template_filter ] --START--
INFO: Run Behavior\ContentReplaceBehavior [ RunTime:0.000000s ]
INFO: [ template_filter ] --END-- [ RunTime:0.000000s ]
INFO: Run Behavior\ParseTemplateBehavior [ RunTime:0.007001s ]
INFO: [ view_parse ] --END-- [ RunTime:0.007001s ]
INFO: [ view_filter ] --START--
INFO: Run Behavior\WriteHtmlCacheBehavior [ RunTime:0.000000s ]
INFO: [ view_filter ] --END-- [ RunTime:0.000000s ]
INFO: [ app_end ] --START--
INFO: Run Behavior\ShowPageTraceBehavior [ RunTime:0.001000s ]
INFO: [ app_end ] --END-- [ RunTime:0.001000s ]

[ 2017-03-01T15:54:15+08:00 ] 127.0.0.1 /myproject/index.php/Admin/Infolist/infolistUpdate/id/ajax_do.php?action=infoclass&id=1&row=
INFO: [ app_begin ] --START--
INFO: Run Behavior\ReadHtmlCacheBehavior [ RunTime:0.000000s ]
INFO: [ app_begin ] --END-- [ RunTime:0.001000s ]
SQL: SHOW COLUMNS FROM `db_infolist` [ RunTime:0.0040s ]
SQL: SHOW COLUMNS FROM `db_infoclass` [ RunTime:0.0030s ]
SQL: SELECT * FROM `db_infolist` WHERE ( id=1 ) LIMIT 1   [ RunTime:0.0010s ]
SQL: SELECT * FROM `db_infoclass` ORDER BY orderid asc  [ RunTime:0.0000s ]
INFO: [ view_parse ] --START--
INFO: [ template_filter ] --START--
INFO: Run Behavior\ContentReplaceBehavior [ RunTime:0.000000s ]
INFO: [ template_filter ] --END-- [ RunTime:0.000000s ]
INFO: Run Behavior\ParseTemplateBehavior [ RunTime:0.006000s ]
INFO: [ view_parse ] --END-- [ RunTime:0.006000s ]
INFO: [ view_filter ] --START--
INFO: Run Behavior\WriteHtmlCacheBehavior [ RunTime:0.001000s ]
INFO: [ view_filter ] --END-- [ RunTime:0.001000s ]
INFO: [ app_end ] --START--
INFO: Run Behavior\ShowPageTraceBehavior [ RunTime:0.000000s ]
INFO: [ app_end ] --END-- [ RunTime:0.000000s ]

[ 2017-03-01T16:32:58+08:00 ] 127.0.0.1 /myproject/index.php/Admin/Infolist/infolistUpdateSave.html
NOTIC: å»ºè®®ä½¿ç”¨Eæ–¹æ³•æ›¿ä»£throw_exception

[ 2017-03-01T16:35:42+08:00 ] 127.0.0.1 /myproject/index.php/Admin/Infolist/infolistUpdateSave.html
NOTIC: å»ºè®®ä½¿ç”¨Eæ–¹æ³•æ›¿ä»£throw_exception

[ 2017-03-01T16:35:46+08:00 ] 127.0.0.1 /myproject/index.php/Admin/Infolist/infolistUpdateSave.html
NOTIC: å»ºè®®ä½¿ç”¨Eæ–¹æ³•æ›¿ä»£throw_exception

[ 2017-03-01T16:36:08+08:00 ] 127.0.0.1 /myproject/index.php/Admin/Infolist/infolistUpdateSave.html
NOTIC: å»ºè®®ä½¿ç”¨Eæ–¹æ³•æ›¿ä»£throw_exception

[ 2017-03-01T16:53:18+08:00 ] 127.0.0.1 /myproject/index.php/Admin/Infolist/infolistAddSave.html
ERR: 1048:Column 'parentid' cannot be null
 [ SQLè¯­å¥ ] : INSERT INTO `db_infoclass` (`picurl`,`keywords`,`description`,`content`,`orderid`,`checkinfo`,`parentid`) VALUES ('','','','','19','true',NULL)

[ 2017-03-01T16:54:20+08:00 ] 127.0.0.1 /myproject/index.php/Admin/Infolist/infolistAddSave.html
ERR: 1048:Column 'parentid' cannot be null
 [ SQLè¯­å¥ ] : INSERT INTO `db_infoclass` (`picurl`,`keywords`,`description`,`content`,`orderid`,`checkinfo`,`parentid`) VALUES ('','ç¬¬ä¸‰æ–¹','å‘æ–¯è’‚èŠ¬','å‘æ–¯è’‚èŠ¬','19','true',NULL)

[ 2017-03-01T16:54:55+08:00 ] 127.0.0.1 /myproject/index.php/Admin/Infolist/infolistAddSave.html
ERR: 1048:Column 'parentid' cannot be null
 [ SQLè¯­å¥ ] : INSERT INTO `db_infolist` (`classid`,`title`,`picurl`,`keywords`,`description`,`content`,`hits`,`orderid`,`posttime`,`checkinfo`,`parentid`) VALUES ('0','æµ‹è¯•æµ‹è¯•æµ‹è¯•æµ‹è¯•æµ‹è¯•','','ç¬¬ä¸‰æ–¹','å‘æ–¯è’‚èŠ¬','å‘æ–¯è’‚èŠ¬','0','19','0','true',NULL)

[ 2017-03-01T16:57:04+08:00 ] 127.0.0.1 /myproject/index.php/Admin/Infolist/infolistAddSave.html
ERR: 1048:Column 'parentid' cannot be null
 [ SQLè¯­å¥ ] : INSERT INTO `db_infolist` (`classid`,`title`,`picurl`,`keywords`,`description`,`content`,`hits`,`orderid`,`posttime`,`checkinfo`,`parentid`) VALUES ('0','æµ‹è¯•æµ‹è¯•æµ‹è¯•æµ‹è¯•æµ‹è¯•','å¤šæ’’å¤š','','å®žæ‰“å®ž','è¨å¾·','0','20','0','true',NULL)

[ 2017-03-01T16:57:15+08:00 ] 127.0.0.1 /myproject/index.php/Admin/Infolist/infolistAddSave.html
ERR: 1048:Column 'parentid' cannot be null
 [ SQLè¯­å¥ ] : INSERT INTO `db_infolist` (`classid`,`title`,`picurl`,`keywords`,`description`,`content`,`hits`,`orderid`,`posttime`,`checkinfo`,`parentid`) VALUES ('0','æµ‹è¯•æµ‹è¯•æµ‹è¯•æµ‹è¯•æµ‹è¯•','å¤šæ’’å¤š','','å®žæ‰“å®ž','è¨å¾·','0','20','0','true',NULL)

